This file contains any messages produced by compilers while
running configure, to aid debugging if configure makes a mistake.

It was created by SDL2_ttf configure 2.0.18, which was
generated by GNU Autoconf 2.69.  Invocation command line was

  $ ./configure --host=aarch64-mix210-linux -prefix=/home/ginger/SDL2_ttf-2.0.18/install --with-sdl-prefix=/home/ginger/SDL2_ttf-2.0.18/install --with-ft-prefix=/home/ginger/freetype-2.9/install --without-x LDFLAGS=-L/home/ginger/SDL2-2.26.1/install/lib/  -L/homge/ginger/SDL2-2.26.1/install/lib/ -lSDL2 

## --------- ##
## Platform. ##
## --------- ##

hostname = ginger-VirtualBox
uname -m = x86_64
uname -r = 5.4.0-135-generic
uname -s = Linux
uname -v = #152~18.04.2-Ubuntu SMP Tue Nov 29 08:23:49 UTC 2022

/usr/bin/uname -p = unknown
/bin/uname -X     = unknown

/bin/arch              = unknown
/usr/bin/arch -k       = unknown
/usr/convex/getsysinfo = unknown
/usr/bin/hostinfo      = unknown
/bin/machine           = unknown
/usr/bin/oslevel       = unknown
/bin/universe          = unknown

PATH: /home/ginger/miniconda3/condabin
PATH: /home/ginger/bin
PATH: /home/ginger/sdk/cc-riscv32-cfg5-musl-20211008-elf/cc-riscv32-cfg5-musl-20211008-elf/bin
PATH: /home/ginger/.local/bin
PATH: /home/ginger/bin
PATH: /usr/local/ffmpeg/bin
PATH: /opt/hisi-linux/x86-arm/arm-himix100-linux/bin
PATH: /home/ginger/sdk/hcc_riscv32/bin
PATH: /opt/linux/x86-arm/aarch64-mix210-linux/bin
PATH: /usr/local/sbin
PATH: /usr/local/bin
PATH: /usr/sbin
PATH: /usr/bin
PATH: /sbin
PATH: /bin
PATH: /usr/games
PATH: /usr/local/games
PATH: /snap/bin


## ----------- ##
## Core tests. ##
## ----------- ##

configure:2786: checking build system type
configure:2800: result: x86_64-pc-linux-gnu
configure:2820: checking host system type
configure:2833: result: aarch64-mix210-linux-gnu
configure:2864: checking for aarch64-mix210-linux-gcc
configure:2880: found /opt/linux/x86-arm/aarch64-mix210-linux/bin/aarch64-mix210-linux-gcc
configure:2891: result: aarch64-mix210-linux-gcc
configure:3160: checking for C compiler version
configure:3169: aarch64-mix210-linux-gcc --version >&5
aarch64-mix210-linux-gcc (20220321) 7.3.0
Copyright (C) 2017 Free Software Foundation, Inc.
This is free software; see the source for copying conditions.  There is NO
warranty; not even for MERCHANTABILITY or FITNESS FOR A PARTICULAR PURPOSE.

configure:3180: $? = 0
configure:3169: aarch64-mix210-linux-gcc -v >&5
Using built-in specs.
COLLECT_GCC=aarch64-mix210-linux-gcc
COLLECT_LTO_WRAPPER=/opt/linux/x86-arm/aarch64-mix210-linux/host_bin/../libexec/gcc/aarch64-linux-gnu/7.3.0/lto-wrapper
Target: aarch64-linux-gnu
Configured with: /home/pub/software/toolchaines/build/aarch64-mix210-linux/../../open_source/aarch64-mix210-linux_src/gcc-7.3.0/configure --build=x86_64-linux-gnu --host=x86_64-linux-gnu --target=aarch64-linux-gnu --with-arch=armv8-a --prefix=/home/pub/software/toolchaines/build/aarch64-mix210-linux/aarch64_mix210_build_dir/aarch64_mix210 --enable-threads --disable-libmudflap -enable-libssp --enable-gold=yes --disable-libstdcxx-pch --disable-multilib --enable-multiarch --with-gnu-as --with-gnu-ld --enable-libgomp --enable-gnu-indirect-function --enable-checking=yes --enable-lto --enable-c99 --enable-long-long --disable-nls --enable-fix-cortex-a53-835769 --enable-fix-cortex-a53-843419 --enable-shared --with-pkgversion=20220321 --enable-languages=c,c++ --with-headers=/home/pub/software/toolchaines/build/aarch64-mix210-linux/aarch64_mix210_build_dir/aarch64_mix210/target/usr/include --with-sysroot=/home/pub/software/toolchaines/build/aarch64-mix210-linux/aarch64_mix210_build_dir/aarch64_mix210/target --with-build-sysroot=/home/pub/software/toolchaines/build/aarch64-mix210-linux/aarch64_mix210_build_dir/aarch64_mix210/target --with-gmp=/home/pub/software/toolchaines/build/aarch64-mix210-linux/aarch64_mix210_build_dir/obj/host-libs/usr --with-mpfr=/home/pub/software/toolchaines/build/aarch64-mix210-linux/aarch64_mix210_build_dir/obj/host-libs/usr --with-mpc=/home/pub/software/toolchaines/build/aarch64-mix210-linux/aarch64_mix210_build_dir/obj/host-libs/usr --with-build-time-tools=/home/pub/software/toolchaines/build/aarch64-mix210-linux/aarch64_mix210_build_dir/aarch64_mix210/aarch64-linux-gnu/bin --libdir=/home/pub/software/toolchaines/build/aarch64-mix210-linux/aarch64_mix210_build_dir/aarch64_mix210/lib --disable-bootstrap --with-system-zlib
Thread model: posix
gcc version 7.3.0 (20220321) 
configure:3180: $? = 0
configure:3169: aarch64-mix210-linux-gcc -V >&5
aarch64-mix210-linux-gcc: error: unrecognized command line option '-V'
aarch64-mix210-linux-gcc: fatal error: no input files
compilation terminated.
configure:3180: $? = 1
configure:3169: aarch64-mix210-linux-gcc -qversion >&5
aarch64-mix210-linux-gcc: error: unrecognized command line option '-qversion'; did you mean '--version'?
aarch64-mix210-linux-gcc: fatal error: no input files
compilation terminated.
configure:3180: $? = 1
configure:3200: checking whether the C compiler works
configure:3222: aarch64-mix210-linux-gcc   -L/home/ginger/SDL2-2.26.1/install/lib/  -L/homge/ginger/SDL2-2.26.1/install/lib/ -lSDL2  conftest.c  >&5
configure:3226: $? = 0
configure:3274: result: yes
configure:3277: checking for C compiler default output file name
configure:3279: result: a.out
configure:3285: checking for suffix of executables
configure:3292: aarch64-mix210-linux-gcc -o conftest   -L/home/ginger/SDL2-2.26.1/install/lib/  -L/homge/ginger/SDL2-2.26.1/install/lib/ -lSDL2  conftest.c  >&5
configure:3296: $? = 0
configure:3318: result: 
configure:3340: checking whether we are cross compiling
configure:3348: aarch64-mix210-linux-gcc -o conftest   -L/home/ginger/SDL2-2.26.1/install/lib/  -L/homge/ginger/SDL2-2.26.1/install/lib/ -lSDL2  conftest.c  >&5
configure:3352: $? = 0
configure:3359: ./conftest
./configure: line 3361: ./conftest: cannot execute binary file: Exec format error
configure:3363: $? = 126
configure:3378: result: yes
configure:3383: checking for suffix of object files
configure:3405: aarch64-mix210-linux-gcc -c   conftest.c >&5
configure:3409: $? = 0
configure:3430: result: o
configure:3434: checking whether we are using the GNU C compiler
configure:3453: aarch64-mix210-linux-gcc -c   conftest.c >&5
configure:3453: $? = 0
configure:3462: result: yes
configure:3471: checking whether aarch64-mix210-linux-gcc accepts -g
configure:3491: aarch64-mix210-linux-gcc -c -g  conftest.c >&5
configure:3491: $? = 0
configure:3532: result: yes
configure:3549: checking for aarch64-mix210-linux-gcc option to accept ISO C89
configure:3612: aarch64-mix210-linux-gcc  -c -g -O2  conftest.c >&5
configure:3612: $? = 0
configure:3625: result: none needed
configure:3650: checking whether aarch64-mix210-linux-gcc understands -c and -o together
configure:3672: aarch64-mix210-linux-gcc -c conftest.c -o conftest2.o
configure:3675: $? = 0
configure:3672: aarch64-mix210-linux-gcc -c conftest.c -o conftest2.o
configure:3675: $? = 0
configure:3687: result: yes
configure:3704: checking for a sed that does not truncate output
configure:3768: result: /bin/sed
configure:3786: checking for grep that handles long lines and -e
configure:3844: result: /bin/grep
configure:3849: checking for egrep
configure:3911: result: /bin/grep -E
configure:3916: checking for fgrep
configure:3978: result: /bin/grep -F
configure:4013: checking for ld used by aarch64-mix210-linux-gcc
configure:4080: result: /opt/linux/x86-arm/aarch64-mix210-linux/aarch64-linux-gnu/bin/ld
configure:4087: checking if the linker (/opt/linux/x86-arm/aarch64-mix210-linux/aarch64-linux-gnu/bin/ld) is GNU ld
configure:4102: result: yes
configure:4114: checking for BSD- or MS-compatible name lister (nm)
configure:4163: result: /opt/linux/x86-arm/aarch64-mix210-linux/bin/aarch64-mix210-linux-nm -B
configure:4281: checking the name lister (/opt/linux/x86-arm/aarch64-mix210-linux/bin/aarch64-mix210-linux-nm -B) interface
configure:4288: aarch64-mix210-linux-gcc -c -g -O2  conftest.c >&5
configure:4291: /opt/linux/x86-arm/aarch64-mix210-linux/bin/aarch64-mix210-linux-nm -B "conftest.o"
configure:4294: output
0000000000000000 B some_variable
configure:4301: result: BSD nm
configure:4304: checking whether ln -s works
configure:4308: result: yes
configure:4316: checking the maximum length of command line arguments
configure:4442: result: 1572864
configure:4459: checking whether the shell understands some XSI constructs
configure:4469: result: yes
configure:4473: checking whether the shell understands "+="
configure:4479: result: yes
configure:4514: checking for /opt/linux/x86-arm/aarch64-mix210-linux/aarch64-linux-gnu/bin/ld option to reload object files
configure:4521: result: -r
configure:4550: checking for aarch64-mix210-linux-objdump
configure:4566: found /opt/linux/x86-arm/aarch64-mix210-linux/bin/aarch64-mix210-linux-objdump
configure:4577: result: aarch64-mix210-linux-objdump
configure:4646: checking how to recognize dependent libraries
configure:4847: result: pass_all
configure:4867: checking for aarch64-mix210-linux-ar
configure:4883: found /opt/linux/x86-arm/aarch64-mix210-linux/bin/aarch64-mix210-linux-ar
configure:4894: result: aarch64-mix210-linux-ar
configure:4972: checking for aarch64-mix210-linux-strip
configure:4988: found /opt/linux/x86-arm/aarch64-mix210-linux/bin/aarch64-mix210-linux-strip
configure:4999: result: aarch64-mix210-linux-strip
configure:5071: checking for aarch64-mix210-linux-ranlib
configure:5087: found /opt/linux/x86-arm/aarch64-mix210-linux/bin/aarch64-mix210-linux-ranlib
configure:5098: result: aarch64-mix210-linux-ranlib
configure:5228: checking command to parse /opt/linux/x86-arm/aarch64-mix210-linux/bin/aarch64-mix210-linux-nm -B output from aarch64-mix210-linux-gcc object
configure:5346: aarch64-mix210-linux-gcc -c -g -O2  conftest.c >&5
configure:5349: $? = 0
configure:5353: /opt/linux/x86-arm/aarch64-mix210-linux/bin/aarch64-mix210-linux-nm -B conftest.o \| sed -n -e 's/^.*[	 ]\([ABCDGIRSTW][ABCDGIRSTW]*\)[	 ][	 ]*\([_A-Za-z][_A-Za-z0-9]*\)$/\1 \2 \2/p' \> conftest.nm
configure:5356: $? = 0
configure:5410: aarch64-mix210-linux-gcc -o conftest -g -O2  -L/home/ginger/SDL2-2.26.1/install/lib/  -L/homge/ginger/SDL2-2.26.1/install/lib/ -lSDL2  conftest.c conftstm.o >&5
configure:5413: $? = 0
configure:5451: result: ok
configure:6258: checking how to run the C preprocessor
configure:6289: aarch64-mix210-linux-gcc -E  conftest.c
configure:6289: $? = 0
configure:6303: aarch64-mix210-linux-gcc -E  conftest.c
conftest.c:9:10: fatal error: ac_nonexistent.h: No such file or directory
 #include <ac_nonexistent.h>
          ^~~~~~~~~~~~~~~~~~
compilation terminated.
configure:6303: $? = 1
configure: failed program was:
| /* confdefs.h */
| #define PACKAGE_NAME "SDL2_ttf"
| #define PACKAGE_TARNAME "SDL2_ttf"
| #define PACKAGE_VERSION "2.0.18"
| #define PACKAGE_STRING "SDL2_ttf 2.0.18"
| #define PACKAGE_BUGREPORT "https://github.com/libsdl-org/SDL_ttf/issues"
| #define PACKAGE_URL ""
| /* end confdefs.h.  */
| #include <ac_nonexistent.h>
configure:6328: result: aarch64-mix210-linux-gcc -E
configure:6348: aarch64-mix210-linux-gcc -E  conftest.c
configure:6348: $? = 0
configure:6362: aarch64-mix210-linux-gcc -E  conftest.c
conftest.c:9:10: fatal error: ac_nonexistent.h: No such file or directory
 #include <ac_nonexistent.h>
          ^~~~~~~~~~~~~~~~~~
compilation terminated.
configure:6362: $? = 1
configure: failed program was:
| /* confdefs.h */
| #define PACKAGE_NAME "SDL2_ttf"
| #define PACKAGE_TARNAME "SDL2_ttf"
| #define PACKAGE_VERSION "2.0.18"
| #define PACKAGE_STRING "SDL2_ttf 2.0.18"
| #define PACKAGE_BUGREPORT "https://github.com/libsdl-org/SDL_ttf/issues"
| #define PACKAGE_URL ""
| /* end confdefs.h.  */
| #include <ac_nonexistent.h>
configure:6391: checking for ANSI C header files
configure:6411: aarch64-mix210-linux-gcc -c -g -O2  conftest.c >&5
configure:6411: $? = 0
configure:6495: result: yes
configure:6508: checking for sys/types.h
configure:6508: aarch64-mix210-linux-gcc -c -g -O2  conftest.c >&5
configure:6508: $? = 0
configure:6508: result: yes
configure:6508: checking for sys/stat.h
configure:6508: aarch64-mix210-linux-gcc -c -g -O2  conftest.c >&5
configure:6508: $? = 0
configure:6508: result: yes
configure:6508: checking for stdlib.h
configure:6508: aarch64-mix210-linux-gcc -c -g -O2  conftest.c >&5
configure:6508: $? = 0
configure:6508: result: yes
configure:6508: checking for string.h
configure:6508: aarch64-mix210-linux-gcc -c -g -O2  conftest.c >&5
configure:6508: $? = 0
configure:6508: result: yes
configure:6508: checking for memory.h
configure:6508: aarch64-mix210-linux-gcc -c -g -O2  conftest.c >&5
configure:6508: $? = 0
configure:6508: result: yes
configure:6508: checking for strings.h
configure:6508: aarch64-mix210-linux-gcc -c -g -O2  conftest.c >&5
configure:6508: $? = 0
configure:6508: result: yes
configure:6508: checking for inttypes.h
configure:6508: aarch64-mix210-linux-gcc -c -g -O2  conftest.c >&5
configure:6508: $? = 0
configure:6508: result: yes
configure:6508: checking for stdint.h
configure:6508: aarch64-mix210-linux-gcc -c -g -O2  conftest.c >&5
configure:6508: $? = 0
configure:6508: result: yes
configure:6508: checking for unistd.h
configure:6508: aarch64-mix210-linux-gcc -c -g -O2  conftest.c >&5
configure:6508: $? = 0
configure:6508: result: yes
configure:6522: checking for dlfcn.h
configure:6522: aarch64-mix210-linux-gcc -c -g -O2  conftest.c >&5
configure:6522: $? = 0
configure:6522: result: yes
configure:7004: checking for objdir
configure:7019: result: .libs
configure:7315: checking if aarch64-mix210-linux-gcc supports -fno-rtti -fno-exceptions
configure:7333: aarch64-mix210-linux-gcc -c -g -O2  -fno-rtti -fno-exceptions conftest.c >&5
cc1: warning: command line option '-fno-rtti' is valid for C++/ObjC++ but not for C
configure:7337: $? = 0
configure:7350: result: no
configure:7370: checking for aarch64-mix210-linux-gcc option to produce PIC
configure:7652: result: -fPIC -DPIC
configure:7664: checking if aarch64-mix210-linux-gcc PIC flag -fPIC -DPIC works
configure:7682: aarch64-mix210-linux-gcc -c -g -O2  -fPIC -DPIC -DPIC conftest.c >&5
configure:7686: $? = 0
configure:7699: result: yes
configure:7723: checking if aarch64-mix210-linux-gcc static flag -static works
configure:7751: result: no
configure:7766: checking if aarch64-mix210-linux-gcc supports -c -o file.o
configure:7787: aarch64-mix210-linux-gcc -c -g -O2  -o out/conftest2.o conftest.c >&5
configure:7791: $? = 0
configure:7813: result: yes
configure:7821: checking if aarch64-mix210-linux-gcc supports -c -o file.o
configure:7868: result: yes
configure:7901: checking whether the aarch64-mix210-linux-gcc linker (/opt/linux/x86-arm/aarch64-mix210-linux/aarch64-linux-gnu/bin/ld) supports shared libraries
configure:8936: result: yes
configure:8973: checking whether -lc should be explicitly linked in
configure:8978: aarch64-mix210-linux-gcc -c -g -O2  conftest.c >&5
configure:8981: $? = 0
configure:8996: aarch64-mix210-linux-gcc -shared conftest.o  -v -Wl,-soname -Wl,conftest -o conftest 2\>\&1 \| /bin/grep  -lc  \>/dev/null 2\>\&1
configure:8999: $? = 0
configure:9011: result: no
configure:9175: checking dynamic linker characteristics
configure:9610: aarch64-mix210-linux-gcc -o conftest -g -O2  -L/home/ginger/SDL2-2.26.1/install/lib/  -L/homge/ginger/SDL2-2.26.1/install/lib/ -lSDL2  -Wl,-rpath -Wl,/foo conftest.c  >&5
configure:9610: $? = 0
configure:9853: result: GNU/Linux ld.so
configure:9955: checking how to hardcode library paths into programs
configure:9980: result: immediate
configure:10500: checking whether stripping libraries is possible
configure:10505: result: yes
configure:10540: checking if libtool supports shared libraries
configure:10542: result: yes
configure:10545: checking whether to build shared libraries
configure:10566: result: yes
configure:10569: checking whether to build static libraries
configure:10573: result: yes
configure:10638: checking for a BSD-compatible install
configure:10706: result: /usr/bin/install -c
configure:10717: checking whether build environment is sane
configure:10772: result: yes
configure:10823: checking for aarch64-mix210-linux-strip
configure:10850: result: aarch64-mix210-linux-strip
configure:10915: checking for a thread-safe mkdir -p
configure:10954: result: /bin/mkdir -p
configure:10961: checking for gawk
configure:10977: found /usr/bin/gawk
configure:10988: result: gawk
configure:10999: checking whether make sets $(MAKE)
configure:11021: result: yes
configure:11043: checking whether make supports the include directive
configure:11058: make -f confmf.GNU && cat confinc.out
this is the am__doit target
configure:11061: $? = 0
configure:11080: result: yes (GNU style)
configure:11113: checking whether make supports nested variables
configure:11130: result: yes
configure:11219: checking whether UID '1000' is supported by ustar format
configure:11222: result: yes
configure:11229: checking whether GID '1000' is supported by ustar format
configure:11232: result: yes
configure:11240: checking how to create a ustar tar archive
configure:11251: tar --version
tar (GNU tar) 1.29
Copyright (C) 2015 Free Software Foundation, Inc.
License GPLv3+: GNU GPL version 3 or later <http://gnu.org/licenses/gpl.html>.
This is free software: you are free to change and redistribute it.
There is NO WARRANTY, to the extent permitted by law.

Written by John Gilmore and Jay Fenlason.
configure:11254: $? = 0
configure:11294: tardir=conftest.dir && eval tar --format=ustar -cf - "$tardir" >conftest.tar
configure:11297: $? = 0
configure:11301: tar -xf - <conftest.tar
configure:11304: $? = 0
configure:11306: cat conftest.dir/file
GrepMe
configure:11309: $? = 0
configure:11322: result: gnutar
configure:11331: checking dependency style of aarch64-mix210-linux-gcc
configure:11442: result: gcc3
configure:11509: checking for aarch64-mix210-linux-gcc
configure:11536: result: aarch64-mix210-linux-gcc
configure:11805: checking for C compiler version
configure:11814: aarch64-mix210-linux-gcc --version >&5
aarch64-mix210-linux-gcc (20220321) 7.3.0
Copyright (C) 2017 Free Software Foundation, Inc.
This is free software; see the source for copying conditions.  There is NO
warranty; not even for MERCHANTABILITY or FITNESS FOR A PARTICULAR PURPOSE.

configure:11825: $? = 0
configure:11814: aarch64-mix210-linux-gcc -v >&5
Using built-in specs.
COLLECT_GCC=aarch64-mix210-linux-gcc
COLLECT_LTO_WRAPPER=/opt/linux/x86-arm/aarch64-mix210-linux/host_bin/../libexec/gcc/aarch64-linux-gnu/7.3.0/lto-wrapper
Target: aarch64-linux-gnu
Configured with: /home/pub/software/toolchaines/build/aarch64-mix210-linux/../../open_source/aarch64-mix210-linux_src/gcc-7.3.0/configure --build=x86_64-linux-gnu --host=x86_64-linux-gnu --target=aarch64-linux-gnu --with-arch=armv8-a --prefix=/home/pub/software/toolchaines/build/aarch64-mix210-linux/aarch64_mix210_build_dir/aarch64_mix210 --enable-threads --disable-libmudflap -enable-libssp --enable-gold=yes --disable-libstdcxx-pch --disable-multilib --enable-multiarch --with-gnu-as --with-gnu-ld --enable-libgomp --enable-gnu-indirect-function --enable-checking=yes --enable-lto --enable-c99 --enable-long-long --disable-nls --enable-fix-cortex-a53-835769 --enable-fix-cortex-a53-843419 --enable-shared --with-pkgversion=20220321 --enable-languages=c,c++ --with-headers=/home/pub/software/toolchaines/build/aarch64-mix210-linux/aarch64_mix210_build_dir/aarch64_mix210/target/usr/include --with-sysroot=/home/pub/software/toolchaines/build/aarch64-mix210-linux/aarch64_mix210_build_dir/aarch64_mix210/target --with-build-sysroot=/home/pub/software/toolchaines/build/aarch64-mix210-linux/aarch64_mix210_build_dir/aarch64_mix210/target --with-gmp=/home/pub/software/toolchaines/build/aarch64-mix210-linux/aarch64_mix210_build_dir/obj/host-libs/usr --with-mpfr=/home/pub/software/toolchaines/build/aarch64-mix210-linux/aarch64_mix210_build_dir/obj/host-libs/usr --with-mpc=/home/pub/software/toolchaines/build/aarch64-mix210-linux/aarch64_mix210_build_dir/obj/host-libs/usr --with-build-time-tools=/home/pub/software/toolchaines/build/aarch64-mix210-linux/aarch64_mix210_build_dir/aarch64_mix210/aarch64-linux-gnu/bin --libdir=/home/pub/software/toolchaines/build/aarch64-mix210-linux/aarch64_mix210_build_dir/aarch64_mix210/lib --disable-bootstrap --with-system-zlib
Thread model: posix
gcc version 7.3.0 (20220321) 
configure:11825: $? = 0
configure:11814: aarch64-mix210-linux-gcc -V >&5
aarch64-mix210-linux-gcc: error: unrecognized command line option '-V'
aarch64-mix210-linux-gcc: fatal error: no input files
compilation terminated.
configure:11825: $? = 1
configure:11814: aarch64-mix210-linux-gcc -qversion >&5
aarch64-mix210-linux-gcc: error: unrecognized command line option '-qversion'; did you mean '--version'?
aarch64-mix210-linux-gcc: fatal error: no input files
compilation terminated.
configure:11825: $? = 1
configure:11829: checking whether we are using the GNU C compiler
configure:11857: result: yes
configure:11866: checking whether aarch64-mix210-linux-gcc accepts -g
configure:11927: result: yes
configure:11944: checking for aarch64-mix210-linux-gcc option to accept ISO C89
configure:12020: result: none needed
configure:12045: checking whether aarch64-mix210-linux-gcc understands -c and -o together
configure:12082: result: yes
configure:12113: checking for aarch64-mix210-linux-g++
configure:12129: found /opt/linux/x86-arm/aarch64-mix210-linux/bin/aarch64-mix210-linux-g++
configure:12140: result: aarch64-mix210-linux-g++
configure:12211: checking for C++ compiler version
configure:12220: aarch64-mix210-linux-g++ --version >&5
aarch64-mix210-linux-g++ (20220321) 7.3.0
Copyright (C) 2017 Free Software Foundation, Inc.
This is free software; see the source for copying conditions.  There is NO
warranty; not even for MERCHANTABILITY or FITNESS FOR A PARTICULAR PURPOSE.

configure:12231: $? = 0
configure:12220: aarch64-mix210-linux-g++ -v >&5
Using built-in specs.
COLLECT_GCC=aarch64-mix210-linux-g++
COLLECT_LTO_WRAPPER=/opt/linux/x86-arm/aarch64-mix210-linux/host_bin/../libexec/gcc/aarch64-linux-gnu/7.3.0/lto-wrapper
Target: aarch64-linux-gnu
Configured with: /home/pub/software/toolchaines/build/aarch64-mix210-linux/../../open_source/aarch64-mix210-linux_src/gcc-7.3.0/configure --build=x86_64-linux-gnu --host=x86_64-linux-gnu --target=aarch64-linux-gnu --with-arch=armv8-a --prefix=/home/pub/software/toolchaines/build/aarch64-mix210-linux/aarch64_mix210_build_dir/aarch64_mix210 --enable-threads --disable-libmudflap -enable-libssp --enable-gold=yes --disable-libstdcxx-pch --disable-multilib --enable-multiarch --with-gnu-as --with-gnu-ld --enable-libgomp --enable-gnu-indirect-function --enable-checking=yes --enable-lto --enable-c99 --enable-long-long --disable-nls --enable-fix-cortex-a53-835769 --enable-fix-cortex-a53-843419 --enable-shared --with-pkgversion=20220321 --enable-languages=c,c++ --with-headers=/home/pub/software/toolchaines/build/aarch64-mix210-linux/aarch64_mix210_build_dir/aarch64_mix210/target/usr/include --with-sysroot=/home/pub/software/toolchaines/build/aarch64-mix210-linux/aarch64_mix210_build_dir/aarch64_mix210/target --with-build-sysroot=/home/pub/software/toolchaines/build/aarch64-mix210-linux/aarch64_mix210_build_dir/aarch64_mix210/target --with-gmp=/home/pub/software/toolchaines/build/aarch64-mix210-linux/aarch64_mix210_build_dir/obj/host-libs/usr --with-mpfr=/home/pub/software/toolchaines/build/aarch64-mix210-linux/aarch64_mix210_build_dir/obj/host-libs/usr --with-mpc=/home/pub/software/toolchaines/build/aarch64-mix210-linux/aarch64_mix210_build_dir/obj/host-libs/usr --with-build-time-tools=/home/pub/software/toolchaines/build/aarch64-mix210-linux/aarch64_mix210_build_dir/aarch64_mix210/aarch64-linux-gnu/bin --libdir=/home/pub/software/toolchaines/build/aarch64-mix210-linux/aarch64_mix210_build_dir/aarch64_mix210/lib --disable-bootstrap --with-system-zlib
Thread model: posix
gcc version 7.3.0 (20220321) 
configure:12231: $? = 0
configure:12220: aarch64-mix210-linux-g++ -V >&5
aarch64-mix210-linux-g++: error: unrecognized command line option '-V'
aarch64-mix210-linux-g++: fatal error: no input files
compilation terminated.
configure:12231: $? = 1
configure:12220: aarch64-mix210-linux-g++ -qversion >&5
aarch64-mix210-linux-g++: error: unrecognized command line option '-qversion'; did you mean '--version'?
aarch64-mix210-linux-g++: fatal error: no input files
compilation terminated.
configure:12231: $? = 1
configure:12235: checking whether we are using the GNU C++ compiler
configure:12254: aarch64-mix210-linux-g++ -c   conftest.cpp >&5
configure:12254: $? = 0
configure:12263: result: yes
configure:12272: checking whether aarch64-mix210-linux-g++ accepts -g
configure:12292: aarch64-mix210-linux-g++ -c -g  conftest.cpp >&5
configure:12292: $? = 0
configure:12333: result: yes
configure:12469: checking for C++ compiler version
configure:12478: aarch64-mix210-linux-g++ --version >&5
aarch64-mix210-linux-g++ (20220321) 7.3.0
Copyright (C) 2017 Free Software Foundation, Inc.
This is free software; see the source for copying conditions.  There is NO
warranty; not even for MERCHANTABILITY or FITNESS FOR A PARTICULAR PURPOSE.

configure:12489: $? = 0
configure:12478: aarch64-mix210-linux-g++ -v >&5
Using built-in specs.
COLLECT_GCC=aarch64-mix210-linux-g++
COLLECT_LTO_WRAPPER=/opt/linux/x86-arm/aarch64-mix210-linux/host_bin/../libexec/gcc/aarch64-linux-gnu/7.3.0/lto-wrapper
Target: aarch64-linux-gnu
Configured with: /home/pub/software/toolchaines/build/aarch64-mix210-linux/../../open_source/aarch64-mix210-linux_src/gcc-7.3.0/configure --build=x86_64-linux-gnu --host=x86_64-linux-gnu --target=aarch64-linux-gnu --with-arch=armv8-a --prefix=/home/pub/software/toolchaines/build/aarch64-mix210-linux/aarch64_mix210_build_dir/aarch64_mix210 --enable-threads --disable-libmudflap -enable-libssp --enable-gold=yes --disable-libstdcxx-pch --disable-multilib --enable-multiarch --with-gnu-as --with-gnu-ld --enable-libgomp --enable-gnu-indirect-function --enable-checking=yes --enable-lto --enable-c99 --enable-long-long --disable-nls --enable-fix-cortex-a53-835769 --enable-fix-cortex-a53-843419 --enable-shared --with-pkgversion=20220321 --enable-languages=c,c++ --with-headers=/home/pub/software/toolchaines/build/aarch64-mix210-linux/aarch64_mix210_build_dir/aarch64_mix210/target/usr/include --with-sysroot=/home/pub/software/toolchaines/build/aarch64-mix210-linux/aarch64_mix210_build_dir/aarch64_mix210/target --with-build-sysroot=/home/pub/software/toolchaines/build/aarch64-mix210-linux/aarch64_mix210_build_dir/aarch64_mix210/target --with-gmp=/home/pub/software/toolchaines/build/aarch64-mix210-linux/aarch64_mix210_build_dir/obj/host-libs/usr --with-mpfr=/home/pub/software/toolchaines/build/aarch64-mix210-linux/aarch64_mix210_build_dir/obj/host-libs/usr --with-mpc=/home/pub/software/toolchaines/build/aarch64-mix210-linux/aarch64_mix210_build_dir/obj/host-libs/usr --with-build-time-tools=/home/pub/software/toolchaines/build/aarch64-mix210-linux/aarch64_mix210_build_dir/aarch64_mix210/aarch64-linux-gnu/bin --libdir=/home/pub/software/toolchaines/build/aarch64-mix210-linux/aarch64_mix210_build_dir/aarch64_mix210/lib --disable-bootstrap --with-system-zlib
Thread model: posix
gcc version 7.3.0 (20220321) 
configure:12489: $? = 0
configure:12478: aarch64-mix210-linux-g++ -V >&5
aarch64-mix210-linux-g++: error: unrecognized command line option '-V'
aarch64-mix210-linux-g++: fatal error: no input files
compilation terminated.
configure:12489: $? = 1
configure:12478: aarch64-mix210-linux-g++ -qversion >&5
aarch64-mix210-linux-g++: error: unrecognized command line option '-qversion'; did you mean '--version'?
aarch64-mix210-linux-g++: fatal error: no input files
compilation terminated.
configure:12489: $? = 1
configure:12493: checking whether we are using the GNU C++ compiler
configure:12521: result: yes
configure:12530: checking whether aarch64-mix210-linux-g++ accepts -g
configure:12591: result: yes
configure:12616: checking dependency style of aarch64-mix210-linux-g++
configure:12727: result: gcc3
configure:12750: checking how to run the C++ preprocessor
configure:12777: aarch64-mix210-linux-g++ -E  conftest.cpp
configure:12777: $? = 0
configure:12791: aarch64-mix210-linux-g++ -E  conftest.cpp
conftest.cpp:23:10: fatal error: ac_nonexistent.h: No such file or directory
 #include <ac_nonexistent.h>
          ^~~~~~~~~~~~~~~~~~
compilation terminated.
configure:12791: $? = 1
configure: failed program was:
| /* confdefs.h */
| #define PACKAGE_NAME "SDL2_ttf"
| #define PACKAGE_TARNAME "SDL2_ttf"
| #define PACKAGE_VERSION "2.0.18"
| #define PACKAGE_STRING "SDL2_ttf 2.0.18"
| #define PACKAGE_BUGREPORT "https://github.com/libsdl-org/SDL_ttf/issues"
| #define PACKAGE_URL ""
| #define STDC_HEADERS 1
| #define HAVE_SYS_TYPES_H 1
| #define HAVE_SYS_STAT_H 1
| #define HAVE_STDLIB_H 1
| #define HAVE_STRING_H 1
| #define HAVE_MEMORY_H 1
| #define HAVE_STRINGS_H 1
| #define HAVE_INTTYPES_H 1
| #define HAVE_STDINT_H 1
| #define HAVE_UNISTD_H 1
| #define HAVE_DLFCN_H 1
| #define LT_OBJDIR ".libs/"
| #define PACKAGE "SDL2_ttf"
| #define VERSION "2.0.18"
| /* end confdefs.h.  */
| #include <ac_nonexistent.h>
configure:12816: result: aarch64-mix210-linux-g++ -E
configure:12836: aarch64-mix210-linux-g++ -E  conftest.cpp
configure:12836: $? = 0
configure:12850: aarch64-mix210-linux-g++ -E  conftest.cpp
conftest.cpp:23:10: fatal error: ac_nonexistent.h: No such file or directory
 #include <ac_nonexistent.h>
          ^~~~~~~~~~~~~~~~~~
compilation terminated.
configure:12850: $? = 1
configure: failed program was:
| /* confdefs.h */
| #define PACKAGE_NAME "SDL2_ttf"
| #define PACKAGE_TARNAME "SDL2_ttf"
| #define PACKAGE_VERSION "2.0.18"
| #define PACKAGE_STRING "SDL2_ttf 2.0.18"
| #define PACKAGE_BUGREPORT "https://github.com/libsdl-org/SDL_ttf/issues"
| #define PACKAGE_URL ""
| #define STDC_HEADERS 1
| #define HAVE_SYS_TYPES_H 1
| #define HAVE_SYS_STAT_H 1
| #define HAVE_STDLIB_H 1
| #define HAVE_STRING_H 1
| #define HAVE_MEMORY_H 1
| #define HAVE_STRINGS_H 1
| #define HAVE_INTTYPES_H 1
| #define HAVE_STDINT_H 1
| #define HAVE_UNISTD_H 1
| #define HAVE_DLFCN_H 1
| #define LT_OBJDIR ".libs/"
| #define PACKAGE "SDL2_ttf"
| #define VERSION "2.0.18"
| /* end confdefs.h.  */
| #include <ac_nonexistent.h>
configure:13018: checking for ld used by aarch64-mix210-linux-g++
configure:13085: result: /opt/linux/x86-arm/aarch64-mix210-linux/aarch64-linux-gnu/bin/ld
configure:13092: checking if the linker (/opt/linux/x86-arm/aarch64-mix210-linux/aarch64-linux-gnu/bin/ld) is GNU ld
configure:13107: result: yes
configure:13162: checking whether the aarch64-mix210-linux-g++ linker (/opt/linux/x86-arm/aarch64-mix210-linux/aarch64-linux-gnu/bin/ld) supports shared libraries
configure:14103: result: yes
configure:14131: aarch64-mix210-linux-g++ -c -g -O2  conftest.cpp >&5
configure:14134: $? = 0
configure:14316: checking for aarch64-mix210-linux-g++ option to produce PIC
configure:14638: result: -fPIC -DPIC
configure:14647: checking if aarch64-mix210-linux-g++ PIC flag -fPIC -DPIC works
configure:14665: aarch64-mix210-linux-g++ -c -g -O2  -fPIC -DPIC -DPIC conftest.cpp >&5
configure:14669: $? = 0
configure:14682: result: yes
configure:14703: checking if aarch64-mix210-linux-g++ static flag -static works
configure:14731: result: no
configure:14743: checking if aarch64-mix210-linux-g++ supports -c -o file.o
configure:14764: aarch64-mix210-linux-g++ -c -g -O2  -o out/conftest2.o conftest.cpp >&5
configure:14768: $? = 0
configure:14790: result: yes
configure:14795: checking if aarch64-mix210-linux-g++ supports -c -o file.o
configure:14842: result: yes
configure:14872: checking whether the aarch64-mix210-linux-g++ linker (/opt/linux/x86-arm/aarch64-mix210-linux/aarch64-linux-gnu/bin/ld) supports shared libraries
configure:14898: result: yes
configure:15035: checking dynamic linker characteristics
configure:15418: aarch64-mix210-linux-g++ -o conftest -g -O2  -L/home/ginger/SDL2-2.26.1/install/lib/  -L/homge/ginger/SDL2-2.26.1/install/lib/ -lSDL2  -Wl,-rpath -Wl,/foo conftest.cpp  >&5
configure:15418: $? = 0
configure:15661: result: GNU/Linux ld.so
configure:15712: checking how to hardcode library paths into programs
configure:15737: result: immediate
configure:15778: checking dependency style of aarch64-mix210-linux-g++
configure:15889: result: gcc3
configure:15905: checking whether make sets $(MAKE)
configure:15927: result: yes
configure:15945: checking for windres
configure:15975: result: no
configure:15945: checking for aarch64-mix210-linux-windres
configure:15975: result: no
configure:15945: checking for linux-gnu-windres
configure:15975: result: no
configure:15988: checking for size_t
configure:15988: aarch64-mix210-linux-gcc -c -g -O2  conftest.c >&5
configure:15988: $? = 0
configure:15988: aarch64-mix210-linux-gcc -c -g -O2  conftest.c >&5
conftest.c: In function 'main':
conftest.c:59:21: error: expected expression before ')' token
 if (sizeof ((size_t)))
                     ^
configure:15988: $? = 1
configure: failed program was:
| /* confdefs.h */
| #define PACKAGE_NAME "SDL2_ttf"
| #define PACKAGE_TARNAME "SDL2_ttf"
| #define PACKAGE_VERSION "2.0.18"
| #define PACKAGE_STRING "SDL2_ttf 2.0.18"
| #define PACKAGE_BUGREPORT "https://github.com/libsdl-org/SDL_ttf/issues"
| #define PACKAGE_URL ""
| #define STDC_HEADERS 1
| #define HAVE_SYS_TYPES_H 1
| #define HAVE_SYS_STAT_H 1
| #define HAVE_STDLIB_H 1
| #define HAVE_STRING_H 1
| #define HAVE_MEMORY_H 1
| #define HAVE_STRINGS_H 1
| #define HAVE_INTTYPES_H 1
| #define HAVE_STDINT_H 1
| #define HAVE_UNISTD_H 1
| #define HAVE_DLFCN_H 1
| #define LT_OBJDIR ".libs/"
| #define PACKAGE "SDL2_ttf"
| #define VERSION "2.0.18"
| /* end confdefs.h.  */
| #include <stdio.h>
| #ifdef HAVE_SYS_TYPES_H
| # include <sys/types.h>
| #endif
| #ifdef HAVE_SYS_STAT_H
| # include <sys/stat.h>
| #endif
| #ifdef STDC_HEADERS
| # include <stdlib.h>
| # include <stddef.h>
| #else
| # ifdef HAVE_STDLIB_H
| #  include <stdlib.h>
| # endif
| #endif
| #ifdef HAVE_STRING_H
| # if !defined STDC_HEADERS && defined HAVE_MEMORY_H
| #  include <memory.h>
| # endif
| # include <string.h>
| #endif
| #ifdef HAVE_STRINGS_H
| # include <strings.h>
| #endif
| #ifdef HAVE_INTTYPES_H
| # include <inttypes.h>
| #endif
| #ifdef HAVE_STDINT_H
| # include <stdint.h>
| #endif
| #ifdef HAVE_UNISTD_H
| # include <unistd.h>
| #endif
| int
| main ()
| {
| if (sizeof ((size_t)))
| 	    return 0;
|   ;
|   return 0;
| }
configure:15988: result: yes
configure:16001: checking for working alloca.h
configure:16018: aarch64-mix210-linux-gcc -o conftest -g -O2  -L/home/ginger/SDL2-2.26.1/install/lib/  -L/homge/ginger/SDL2-2.26.1/install/lib/ -lSDL2  conftest.c  >&5
configure:16018: $? = 0
configure:16026: result: yes
configure:16034: checking for alloca
configure:16071: aarch64-mix210-linux-gcc -o conftest -g -O2  -L/home/ginger/SDL2-2.26.1/install/lib/  -L/homge/ginger/SDL2-2.26.1/install/lib/ -lSDL2  conftest.c  >&5
configure:16071: $? = 0
configure:16079: result: yes
configure:16239: checking for aarch64-mix210-linux-pkg-config
configure:16272: result: no
configure:16282: checking for pkg-config
configure:16300: found /usr/bin/pkg-config
configure:16312: result: /usr/bin/pkg-config
configure:16324: WARNING: using cross tools not prefixed with host triplet
configure:16337: checking pkg-config is at least version 0.9.0
configure:16340: result: yes
configure:16472: checking for sdl2-config
configure:16503: result: /home/ginger/SDL2_ttf-2.0.18/install/bin/sdl2-config
configure:16512: checking for SDL - version >= 2.0.12
configure:16593: result: yes
configure:17411: checking whether aarch64-mix210-linux-g++ supports C++11 features by default
configure:17705: aarch64-mix210-linux-g++ -c -g -O2  conftest.cpp >&5
configure:17705: $? = 0
configure:17712: result: yes
configure:18391: checking alignment of struct{char;}
configure:18396: aarch64-mix210-linux-gcc -c -g -O2   conftest.c >&5
conftest.c:63:37: warning: declaration does not declare anything
 typedef struct { char x; struct{char;} y; } ac__type_alignof_;
                                     ^
configure:18396: $? = 0
configure:18396: aarch64-mix210-linux-gcc -c -g -O2   conftest.c >&5
conftest.c:63:37: warning: declaration does not declare anything
 typedef struct { char x; struct{char;} y; } ac__type_alignof_;
                                     ^
conftest.c: In function 'main':
conftest.c:67:12: error: size of array 'test_array' is negative
 static int test_array [1 - 2 * !(((long int) offsetof (ac__type_alignof_, y)) <= 0)];
            ^~~~~~~~~~
configure:18396: $? = 1
configure: failed program was:
| /* confdefs.h */
| #define PACKAGE_NAME "SDL2_ttf"
| #define PACKAGE_TARNAME "SDL2_ttf"
| #define PACKAGE_VERSION "2.0.18"
| #define PACKAGE_STRING "SDL2_ttf 2.0.18"
| #define PACKAGE_BUGREPORT "https://github.com/libsdl-org/SDL_ttf/issues"
| #define PACKAGE_URL ""
| #define STDC_HEADERS 1
| #define HAVE_SYS_TYPES_H 1
| #define HAVE_SYS_STAT_H 1
| #define HAVE_STDLIB_H 1
| #define HAVE_STRING_H 1
| #define HAVE_MEMORY_H 1
| #define HAVE_STRINGS_H 1
| #define HAVE_INTTYPES_H 1
| #define HAVE_STDINT_H 1
| #define HAVE_UNISTD_H 1
| #define HAVE_DLFCN_H 1
| #define LT_OBJDIR ".libs/"
| #define PACKAGE "SDL2_ttf"
| #define VERSION "2.0.18"
| #define HAVE_ALLOCA_H 1
| #define HAVE_ALLOCA 1
| #define TTF_USE_HARFBUZZ 1
| #define HAVE_CXX11 1
| /* end confdefs.h.  */
| #include <stdio.h>
| #ifdef HAVE_SYS_TYPES_H
| # include <sys/types.h>
| #endif
| #ifdef HAVE_SYS_STAT_H
| # include <sys/stat.h>
| #endif
| #ifdef STDC_HEADERS
| # include <stdlib.h>
| # include <stddef.h>
| #else
| # ifdef HAVE_STDLIB_H
| #  include <stdlib.h>
| # endif
| #endif
| #ifdef HAVE_STRING_H
| # if !defined STDC_HEADERS && defined HAVE_MEMORY_H
| #  include <memory.h>
| # endif
| # include <string.h>
| #endif
| #ifdef HAVE_STRINGS_H
| # include <strings.h>
| #endif
| #ifdef HAVE_INTTYPES_H
| # include <inttypes.h>
| #endif
| #ifdef HAVE_STDINT_H
| # include <stdint.h>
| #endif
| #ifdef HAVE_UNISTD_H
| # include <unistd.h>
| #endif
| #ifndef offsetof
| # define offsetof(type, member) ((char *) &((type *) 0)->member - (char *) 0)
| #endif
| typedef struct { char x; struct{char;} y; } ac__type_alignof_;
| int
| main ()
| {
| static int test_array [1 - 2 * !(((long int) offsetof (ac__type_alignof_, y)) <= 0)];
| test_array [0] = 0;
| return test_array [0];
| 
|   ;
|   return 0;
| }
configure:18396: aarch64-mix210-linux-gcc -c -g -O2   conftest.c >&5
conftest.c:63:37: warning: declaration does not declare anything
 typedef struct { char x; struct{char;} y; } ac__type_alignof_;
                                     ^
configure:18396: $? = 0
configure:18414: result: 1
configure:18586: checking for GCC -fvisibility=hidden option
configure:18615: aarch64-mix210-linux-gcc -c -g -O2  -fvisibility=hidden -Werror  conftest.c >&5
configure:18615: $? = 0
configure:18619: result: yes
configure:18651: checking for X
configure:18829: result: disabled
configure:19342: checking for OpenGL support
configure:19362: aarch64-mix210-linux-gcc -o conftest -g -O2  -fvisibility=hidden  -L/home/ginger/SDL2-2.26.1/install/lib/  -L/homge/ginger/SDL2-2.26.1/install/lib/ -lSDL2  conftest.c   -lGL >&5
/opt/linux/x86-arm/aarch64-mix210-linux/host_bin/../lib/gcc/aarch64-linux-gnu/7.3.0/../../../../aarch64-linux-gnu/bin/ld: cannot find -lGL
collect2: error: ld returned 1 exit status
configure:19362: $? = 1
configure: failed program was:
| /* confdefs.h */
| #define PACKAGE_NAME "SDL2_ttf"
| #define PACKAGE_TARNAME "SDL2_ttf"
| #define PACKAGE_VERSION "2.0.18"
| #define PACKAGE_STRING "SDL2_ttf 2.0.18"
| #define PACKAGE_BUGREPORT "https://github.com/libsdl-org/SDL_ttf/issues"
| #define PACKAGE_URL ""
| #define STDC_HEADERS 1
| #define HAVE_SYS_TYPES_H 1
| #define HAVE_SYS_STAT_H 1
| #define HAVE_STDLIB_H 1
| #define HAVE_STRING_H 1
| #define HAVE_MEMORY_H 1
| #define HAVE_STRINGS_H 1
| #define HAVE_INTTYPES_H 1
| #define HAVE_STDINT_H 1
| #define HAVE_UNISTD_H 1
| #define HAVE_DLFCN_H 1
| #define LT_OBJDIR ".libs/"
| #define PACKAGE "SDL2_ttf"
| #define VERSION "2.0.18"
| #define HAVE_ALLOCA_H 1
| #define HAVE_ALLOCA 1
| #define TTF_USE_HARFBUZZ 1
| #define HAVE_CXX11 1
| #define ALIGNOF_STRUCT_CHAR__ 1
| #define X_DISPLAY_MISSING 1
| /* end confdefs.h.  */
| 
|  #include "SDL_opengl.h"
| 
| int
| main ()
| {
| 
|  glOrtho( -2.0, 2.0, -2.0, 2.0, -20.0, 20.0 );
| 
|   ;
|   return 0;
| }
configure:19367: result: no
configure:19533: checking that generated files are newer than configure
configure:19539: result: done
configure:19586: creating ./config.status

## ---------------------- ##
## Running config.status. ##
## ---------------------- ##

This file was extended by SDL2_ttf config.status 2.0.18, which was
generated by GNU Autoconf 2.69.  Invocation command line was

  CONFIG_FILES    = 
  CONFIG_HEADERS  = 
  CONFIG_LINKS    = 
  CONFIG_COMMANDS = 
  $ ./config.status 

on ginger-VirtualBox

config.status:1100: creating Makefile
config.status:1100: creating SDL2_ttf.spec
config.status:1100: creating SDL2_ttf.pc
config.status:1272: executing libtool commands
config.status:1272: executing depfiles commands
config.status:2157: cd .       && sed -e '/# am--include-marker/d' Makefile         | make -f - am--depfiles
make: Nothing to be done for 'am--depfiles'.
config.status:2162: $? = 0
config.status:1272: executing summary commands

## ---------------- ##
## Cache variables. ##
## ---------------- ##

ac_cv_alignof_struct_char__=1
ac_cv_build=x86_64-pc-linux-gnu
ac_cv_c_compiler_gnu=yes
ac_cv_cxx_compiler_gnu=yes
ac_cv_env_CCC_set=
ac_cv_env_CCC_value=
ac_cv_env_CC_set=
ac_cv_env_CC_value=
ac_cv_env_CFLAGS_set=
ac_cv_env_CFLAGS_value=
ac_cv_env_CPPFLAGS_set=
ac_cv_env_CPPFLAGS_value=
ac_cv_env_CPP_set=
ac_cv_env_CPP_value=
ac_cv_env_CXXCPP_set=
ac_cv_env_CXXCPP_value=
ac_cv_env_CXXFLAGS_set=
ac_cv_env_CXXFLAGS_value=
ac_cv_env_CXX_set=
ac_cv_env_CXX_value=
ac_cv_env_FT2_CFLAGS_set=
ac_cv_env_FT2_CFLAGS_value=
ac_cv_env_FT2_LIBS_set=
ac_cv_env_FT2_LIBS_value=
ac_cv_env_HB_CFLAGS_set=
ac_cv_env_HB_CFLAGS_value=
ac_cv_env_HB_LIBS_set=
ac_cv_env_HB_LIBS_value=
ac_cv_env_LDFLAGS_set=set
ac_cv_env_LDFLAGS_value='-L/home/ginger/SDL2-2.26.1/install/lib/  -L/homge/ginger/SDL2-2.26.1/install/lib/ -lSDL2 '
ac_cv_env_LIBS_set=
ac_cv_env_LIBS_value=
ac_cv_env_PKG_CONFIG_LIBDIR_set=
ac_cv_env_PKG_CONFIG_LIBDIR_value=
ac_cv_env_PKG_CONFIG_PATH_set=
ac_cv_env_PKG_CONFIG_PATH_value=
ac_cv_env_PKG_CONFIG_set=
ac_cv_env_PKG_CONFIG_value=
ac_cv_env_SDL_CFLAGS_set=
ac_cv_env_SDL_CFLAGS_value=
ac_cv_env_SDL_LIBS_set=
ac_cv_env_SDL_LIBS_value=
ac_cv_env_XMKMF_set=
ac_cv_env_XMKMF_value=
ac_cv_env_build_alias_set=
ac_cv_env_build_alias_value=
ac_cv_env_host_alias_set=set
ac_cv_env_host_alias_value=aarch64-mix210-linux
ac_cv_env_target_alias_set=
ac_cv_env_target_alias_value=
ac_cv_func_alloca_works=yes
ac_cv_header_dlfcn_h=yes
ac_cv_header_inttypes_h=yes
ac_cv_header_memory_h=yes
ac_cv_header_stdc=yes
ac_cv_header_stdint_h=yes
ac_cv_header_stdlib_h=yes
ac_cv_header_string_h=yes
ac_cv_header_strings_h=yes
ac_cv_header_sys_stat_h=yes
ac_cv_header_sys_types_h=yes
ac_cv_header_unistd_h=yes
ac_cv_host=aarch64-mix210-linux-gnu
ac_cv_objext=o
ac_cv_path_EGREP='/bin/grep -E'
ac_cv_path_FGREP='/bin/grep -F'
ac_cv_path_GREP=/bin/grep
ac_cv_path_SDL2_CONFIG=/home/ginger/SDL2_ttf-2.0.18/install/bin/sdl2-config
ac_cv_path_SED=/bin/sed
ac_cv_path_ac_pt_PKG_CONFIG=/usr/bin/pkg-config
ac_cv_path_install='/usr/bin/install -c'
ac_cv_path_mkdir=/bin/mkdir
ac_cv_prog_AR=aarch64-mix210-linux-ar
ac_cv_prog_AWK=gawk
ac_cv_prog_CC=aarch64-mix210-linux-gcc
ac_cv_prog_CPP='aarch64-mix210-linux-gcc -E'
ac_cv_prog_CXX=aarch64-mix210-linux-g++
ac_cv_prog_CXXCPP='aarch64-mix210-linux-g++ -E'
ac_cv_prog_OBJDUMP=aarch64-mix210-linux-objdump
ac_cv_prog_RANLIB=aarch64-mix210-linux-ranlib
ac_cv_prog_STRIP=aarch64-mix210-linux-strip
ac_cv_prog_cc_c89=
ac_cv_prog_cc_g=yes
ac_cv_prog_cxx_g=yes
ac_cv_prog_make_make_set=yes
ac_cv_type_size_t=yes
ac_cv_working_alloca_h=yes
am_cv_CC_dependencies_compiler_type=gcc3
am_cv_CXX_dependencies_compiler_type=gcc3
am_cv_make_support_nested_variables=yes
am_cv_prog_cc_c_o=yes
am_cv_prog_tar_ustar=gnutar
ax_cv_cxx_compile_cxx11=yes
lt_cv_deplibs_check_method=pass_all
lt_cv_file_magic_cmd='$MAGIC_CMD'
lt_cv_file_magic_test_file=
lt_cv_ld_reload_flag=-r
lt_cv_nm_interface='BSD nm'
lt_cv_objdir=.libs
lt_cv_path_LD=/opt/linux/x86-arm/aarch64-mix210-linux/aarch64-linux-gnu/bin/ld
lt_cv_path_LDCXX=/opt/linux/x86-arm/aarch64-mix210-linux/aarch64-linux-gnu/bin/ld
lt_cv_path_NM='/opt/linux/x86-arm/aarch64-mix210-linux/bin/aarch64-mix210-linux-nm -B'
lt_cv_prog_compiler_c_o=yes
lt_cv_prog_compiler_c_o_CXX=yes
lt_cv_prog_compiler_pic_works=yes
lt_cv_prog_compiler_pic_works_CXX=yes
lt_cv_prog_compiler_rtti_exceptions=no
lt_cv_prog_compiler_static_works=no
lt_cv_prog_compiler_static_works_CXX=no
lt_cv_prog_gnu_ld=yes
lt_cv_prog_gnu_ldcxx=yes
lt_cv_sys_global_symbol_pipe='sed -n -e '\''s/^.*[	 ]\([ABCDGIRSTW][ABCDGIRSTW]*\)[	 ][	 ]*\([_A-Za-z][_A-Za-z0-9]*\)$/\1 \2 \2/p'\'''
lt_cv_sys_global_symbol_to_c_name_address='sed -n -e '\''s/^: \([^ ]*\) $/  {\"\1\", (void *) 0},/p'\'' -e '\''s/^[ABCDGIRSTW]* \([^ ]*\) \([^ ]*\)$/  {"\2", (void *) \&\2},/p'\'''
lt_cv_sys_global_symbol_to_c_name_address_lib_prefix='sed -n -e '\''s/^: \([^ ]*\) $/  {\"\1\", (void *) 0},/p'\'' -e '\''s/^[ABCDGIRSTW]* \([^ ]*\) \(lib[^ ]*\)$/  {"\2", (void *) \&\2},/p'\'' -e '\''s/^[ABCDGIRSTW]* \([^ ]*\) \([^ ]*\)$/  {"lib\2", (void *) \&\2},/p'\'''
lt_cv_sys_global_symbol_to_cdecl='sed -n -e '\''s/^T .* \(.*\)$/extern int \1();/p'\'' -e '\''s/^[ABCDGIRSTW]* .* \(.*\)$/extern char \1;/p'\'''
lt_cv_sys_max_cmd_len=1572864

## ----------------- ##
## Output variables. ##
## ----------------- ##

ACLOCAL='${SHELL} '\''/home/ginger/SDL2_ttf-2.0.18/missing'\'' aclocal-1.16'
ALLOCA=''
AMDEPBACKSLASH='\'
AMDEP_FALSE='#'
AMDEP_TRUE=''
AMTAR='$${TAR-tar}'
AM_BACKSLASH='\'
AM_DEFAULT_V='$(AM_DEFAULT_VERBOSITY)'
AM_DEFAULT_VERBOSITY='1'
AM_V='$(V)'
AR='aarch64-mix210-linux-ar'
AS='as'
AUTOCONF='${SHELL} '\''/home/ginger/SDL2_ttf-2.0.18/missing'\'' autoconf'
AUTOHEADER='${SHELL} '\''/home/ginger/SDL2_ttf-2.0.18/missing'\'' autoheader'
AUTOMAKE='${SHELL} '\''/home/ginger/SDL2_ttf-2.0.18/missing'\'' automake-1.16'
AWK='gawk'
BINARY_AGE='18'
CC='aarch64-mix210-linux-gcc'
CCDEPMODE='depmode=gcc3'
CFLAGS='-g -O2  -fvisibility=hidden'
CPP='aarch64-mix210-linux-gcc -E'
CPPFLAGS=''
CXX='aarch64-mix210-linux-g++'
CXXCPP='aarch64-mix210-linux-g++ -E'
CXXDEPMODE='depmode=gcc3'
CXXFLAGS='-g -O2 -Wno-unused-result -fno-rtti -fno-exceptions -fno-threadsafe-statics -fvisibility=hidden'
CYGPATH_W='echo'
DEFS='-DPACKAGE_NAME=\"SDL2_ttf\" -DPACKAGE_TARNAME=\"SDL2_ttf\" -DPACKAGE_VERSION=\"2.0.18\" -DPACKAGE_STRING=\"SDL2_ttf\ 2.0.18\" -DPACKAGE_BUGREPORT=\"https://github.com/libsdl-org/SDL_ttf/issues\" -DPACKAGE_URL=\"\" -DSTDC_HEADERS=1 -DHAVE_SYS_TYPES_H=1 -DHAVE_SYS_STAT_H=1 -DHAVE_STDLIB_H=1 -DHAVE_STRING_H=1 -DHAVE_MEMORY_H=1 -DHAVE_STRINGS_H=1 -DHAVE_INTTYPES_H=1 -DHAVE_STDINT_H=1 -DHAVE_UNISTD_H=1 -DHAVE_DLFCN_H=1 -DLT_OBJDIR=\".libs/\" -DPACKAGE=\"SDL2_ttf\" -DVERSION=\"2.0.18\" -DHAVE_ALLOCA_H=1 -DHAVE_ALLOCA=1 -DTTF_USE_HARFBUZZ=1 -DHAVE_CXX11=1 -DALIGNOF_STRUCT_CHAR__=1 -DX_DISPLAY_MISSING=1'
DEPDIR='.deps'
DLLTOOL='dlltool'
DSYMUTIL=''
DUMPBIN=''
ECHO_C=''
ECHO_N='-n'
ECHO_T=''
EGREP='/bin/grep -E'
EXEEXT=''
FGREP='/bin/grep -F'
FT2_CFLAGS=''
FT2_CONFIG=''
FT2_LIBS=''
GL_LIBS=''
GREP='/bin/grep'
HAVE_CXX11='1'
HB_CFLAGS=''
HB_LIBS=''
INSTALL_DATA='${INSTALL} -m 644'
INSTALL_PROGRAM='${INSTALL}'
INSTALL_SCRIPT='${INSTALL}'
INSTALL_STRIP_PROGRAM='$(install_sh) -c -s'
INTERFACE_AGE='0'
LD='/opt/linux/x86-arm/aarch64-mix210-linux/aarch64-linux-gnu/bin/ld'
LDFLAGS='-L/home/ginger/SDL2-2.26.1/install/lib/  -L/homge/ginger/SDL2-2.26.1/install/lib/ -lSDL2 '
LIBOBJS=''
LIBS=' '
LIBTOOL='$(SHELL) $(top_builddir)/libtool'
LIPO=''
LN_S='ln -s'
LTLIBOBJS=''
LT_AGE='18'
LT_CURRENT='18'
LT_EXTRA=''
LT_RELEASE='2.0'
LT_REVISION='0'
MAJOR_VERSION='2'
MAKEINFO='${SHELL} '\''/home/ginger/SDL2_ttf-2.0.18/missing'\'' makeinfo'
MATHLIB='-lm'
MICRO_VERSION='18'
MINOR_VERSION='0'
MKDIR_P='/bin/mkdir -p'
NM='/opt/linux/x86-arm/aarch64-mix210-linux/bin/aarch64-mix210-linux-nm -B'
NMEDIT=''
OBJDUMP='aarch64-mix210-linux-objdump'
OBJEXT='o'
OS_WIN32_FALSE=''
OS_WIN32_TRUE='#'
OTOOL64=''
OTOOL=''
PACKAGE='SDL2_ttf'
PACKAGE_BUGREPORT='https://github.com/libsdl-org/SDL_ttf/issues'
PACKAGE_NAME='SDL2_ttf'
PACKAGE_STRING='SDL2_ttf 2.0.18'
PACKAGE_TARNAME='SDL2_ttf'
PACKAGE_URL=''
PACKAGE_VERSION='2.0.18'
PATH_SEPARATOR=':'
PKG_CONFIG='/usr/bin/pkg-config'
PKG_CONFIG_LIBDIR=''
PKG_CONFIG_PATH=''
RANLIB='aarch64-mix210-linux-ranlib'
SDL2_CONFIG='/home/ginger/SDL2_ttf-2.0.18/install/bin/sdl2-config'
SDL_CFLAGS=''
SDL_LIBS=''
SDL_VERSION='2.0.12'
SED='/bin/sed'
SET_MAKE=''
SHELL='/bin/sh'
STRIP='aarch64-mix210-linux-strip'
TTF_CFLAGS=''
TTF_LIBS=''
USE_BUILTIN_FREETYPE_FALSE='#'
USE_BUILTIN_FREETYPE_TRUE=''
USE_BUILTIN_HARFBUZZ_FALSE='#'
USE_BUILTIN_HARFBUZZ_TRUE=''
USE_VERSION_RC_FALSE=''
USE_VERSION_RC_TRUE='#'
VERSION='2.0.18'
WINDRES=''
XMKMF=''
X_CFLAGS=''
X_EXTRA_LIBS=''
X_LIBS=''
X_PRE_LIBS=''
ac_ct_CC=''
ac_ct_CXX=''
ac_ct_DUMPBIN=''
am__EXEEXT_FALSE=''
am__EXEEXT_TRUE='#'
am__fastdepCC_FALSE='#'
am__fastdepCC_TRUE=''
am__fastdepCXX_FALSE='#'
am__fastdepCXX_TRUE=''
am__include='include'
am__isrc=''
am__leading_dot='.'
am__nodep='_no'
am__quote=''
am__tar='tar --format=ustar -cf - "$$tardir"'
am__untar='tar -xf -'
bindir='${exec_prefix}/bin'
build='x86_64-pc-linux-gnu'
build_alias=''
build_cpu='x86_64'
build_os='linux-gnu'
build_vendor='pc'
datadir='${datarootdir}'
datarootdir='${prefix}/share'
docdir='${datarootdir}/doc/${PACKAGE_TARNAME}'
dvidir='${docdir}'
exec_prefix='${prefix}'
host='aarch64-mix210-linux-gnu'
host_alias='aarch64-mix210-linux'
host_cpu='aarch64'
host_os='linux-gnu'
host_vendor='mix210'
htmldir='${docdir}'
includedir='${prefix}/include'
infodir='${datarootdir}/info'
install_sh='${SHELL} /home/ginger/SDL2_ttf-2.0.18/install-sh'
libdir='${exec_prefix}/lib'
libexecdir='${exec_prefix}/libexec'
localedir='${datarootdir}/locale'
localstatedir='${prefix}/var'
lt_ECHO='echo'
mandir='${datarootdir}/man'
mkdir_p='$(MKDIR_P)'
oldincludedir='/usr/include'
pdfdir='${docdir}'
prefix='/home/ginger/SDL2_ttf-2.0.18/install'
program_transform_name='s,x,x,'
psdir='${docdir}'
sbindir='${exec_prefix}/sbin'
sharedstatedir='${prefix}/com'
sysconfdir='${prefix}/etc'
target_alias=''

## ----------- ##
## confdefs.h. ##
## ----------- ##

/* confdefs.h */
#define PACKAGE_NAME "SDL2_ttf"
#define PACKAGE_TARNAME "SDL2_ttf"
#define PACKAGE_VERSION "2.0.18"
#define PACKAGE_STRING "SDL2_ttf 2.0.18"
#define PACKAGE_BUGREPORT "https://github.com/libsdl-org/SDL_ttf/issues"
#define PACKAGE_URL ""
#define STDC_HEADERS 1
#define HAVE_SYS_TYPES_H 1
#define HAVE_SYS_STAT_H 1
#define HAVE_STDLIB_H 1
#define HAVE_STRING_H 1
#define HAVE_MEMORY_H 1
#define HAVE_STRINGS_H 1
#define HAVE_INTTYPES_H 1
#define HAVE_STDINT_H 1
#define HAVE_UNISTD_H 1
#define HAVE_DLFCN_H 1
#define LT_OBJDIR ".libs/"
#define PACKAGE "SDL2_ttf"
#define VERSION "2.0.18"
#define HAVE_ALLOCA_H 1
#define HAVE_ALLOCA 1
#define TTF_USE_HARFBUZZ 1
#define HAVE_CXX11 1
#define ALIGNOF_STRUCT_CHAR__ 1
#define X_DISPLAY_MISSING 1

configure: exit 0
