This file contains any messages produced by compilers while
running configure, to aid debugging if configure makes a mistake.

It was created by FreeType configure 2.9, which was
generated by GNU Autoconf 2.69.  Invocation command line was

  $ ./configure --prefix=/home/ginger/freetype-2.9/install CC=aarch64-mix210-linux-gcc CXX=aarch64-mix210-linux-g++ --host=aarch64-mix210-linux --enable-freetype-config --with-harfbuzz=no -with-zlib=no --with-png=no

## --------- ##
## Platform. ##
## --------- ##

hostname = ginger-VirtualBox
uname -m = x86_64
uname -r = 5.4.0-135-generic
uname -s = Linux
uname -v = #152~18.04.2-Ubuntu SMP Tue Nov 29 08:23:49 UTC 2022

/usr/bin/uname -p = unknown
/bin/uname -X     = unknown

/bin/arch              = unknown
/usr/bin/arch -k       = unknown
/usr/convex/getsysinfo = unknown
/usr/bin/hostinfo      = unknown
/bin/machine           = unknown
/usr/bin/oslevel       = unknown
/bin/universe          = unknown

PATH: /home/ginger/miniconda3/condabin
PATH: /home/ginger/bin
PATH: /home/ginger/sdk/cc-riscv32-cfg5-musl-20211008-elf/cc-riscv32-cfg5-musl-20211008-elf/bin
PATH: /home/ginger/.local/bin
PATH: /home/ginger/bin
PATH: /usr/local/ffmpeg/bin
PATH: /opt/hisi-linux/x86-arm/arm-himix100-linux/bin
PATH: /home/ginger/sdk/hcc_riscv32/bin
PATH: /opt/linux/x86-arm/aarch64-mix210-linux/bin
PATH: /usr/local/sbin
PATH: /usr/local/bin
PATH: /usr/sbin
PATH: /usr/bin
PATH: /sbin
PATH: /bin
PATH: /usr/games
PATH: /usr/local/games
PATH: /snap/bin


## ----------- ##
## Core tests. ##
## ----------- ##

configure:2540: checking build system type
configure:2554: result: x86_64-pc-linux-gnu
configure:2574: checking host system type
configure:2587: result: aarch64-mix210-linux-gnu
configure:2619: checking for aarch64-mix210-linux-gcc
configure:2646: result: aarch64-mix210-linux-gcc
configure:2915: checking for C compiler version
configure:2924: aarch64-mix210-linux-gcc --version >&5
aarch64-mix210-linux-gcc (20220321) 7.3.0
Copyright (C) 2017 Free Software Foundation, Inc.
This is free software; see the source for copying conditions.  There is NO
warranty; not even for MERCHANTABILITY or FITNESS FOR A PARTICULAR PURPOSE.

configure:2935: $? = 0
configure:2924: aarch64-mix210-linux-gcc -v >&5
Using built-in specs.
COLLECT_GCC=aarch64-mix210-linux-gcc
COLLECT_LTO_WRAPPER=/opt/linux/x86-arm/aarch64-mix210-linux/host_bin/../libexec/gcc/aarch64-linux-gnu/7.3.0/lto-wrapper
Target: aarch64-linux-gnu
Configured with: /home/pub/software/toolchaines/build/aarch64-mix210-linux/../../open_source/aarch64-mix210-linux_src/gcc-7.3.0/configure --build=x86_64-linux-gnu --host=x86_64-linux-gnu --target=aarch64-linux-gnu --with-arch=armv8-a --prefix=/home/pub/software/toolchaines/build/aarch64-mix210-linux/aarch64_mix210_build_dir/aarch64_mix210 --enable-threads --disable-libmudflap -enable-libssp --enable-gold=yes --disable-libstdcxx-pch --disable-multilib --enable-multiarch --with-gnu-as --with-gnu-ld --enable-libgomp --enable-gnu-indirect-function --enable-checking=yes --enable-lto --enable-c99 --enable-long-long --disable-nls --enable-fix-cortex-a53-835769 --enable-fix-cortex-a53-843419 --enable-shared --with-pkgversion=20220321 --enable-languages=c,c++ --with-headers=/home/pub/software/toolchaines/build/aarch64-mix210-linux/aarch64_mix210_build_dir/aarch64_mix210/target/usr/include --with-sysroot=/home/pub/software/toolchaines/build/aarch64-mix210-linux/aarch64_mix210_build_dir/aarch64_mix210/target --with-build-sysroot=/home/pub/software/toolchaines/build/aarch64-mix210-linux/aarch64_mix210_build_dir/aarch64_mix210/target --with-gmp=/home/pub/software/toolchaines/build/aarch64-mix210-linux/aarch64_mix210_build_dir/obj/host-libs/usr --with-mpfr=/home/pub/software/toolchaines/build/aarch64-mix210-linux/aarch64_mix210_build_dir/obj/host-libs/usr --with-mpc=/home/pub/software/toolchaines/build/aarch64-mix210-linux/aarch64_mix210_build_dir/obj/host-libs/usr --with-build-time-tools=/home/pub/software/toolchaines/build/aarch64-mix210-linux/aarch64_mix210_build_dir/aarch64_mix210/aarch64-linux-gnu/bin --libdir=/home/pub/software/toolchaines/build/aarch64-mix210-linux/aarch64_mix210_build_dir/aarch64_mix210/lib --disable-bootstrap --with-system-zlib
Thread model: posix
gcc version 7.3.0 (20220321) 
configure:2935: $? = 0
configure:2924: aarch64-mix210-linux-gcc -V >&5
aarch64-mix210-linux-gcc: error: unrecognized command line option '-V'
aarch64-mix210-linux-gcc: fatal error: no input files
compilation terminated.
configure:2935: $? = 1
configure:2924: aarch64-mix210-linux-gcc -qversion >&5
aarch64-mix210-linux-gcc: error: unrecognized command line option '-qversion'; did you mean '--version'?
aarch64-mix210-linux-gcc: fatal error: no input files
compilation terminated.
configure:2935: $? = 1
configure:2955: checking whether the C compiler works
configure:2977: aarch64-mix210-linux-gcc    conftest.c  >&5
configure:2981: $? = 0
configure:3029: result: yes
configure:3032: checking for C compiler default output file name
configure:3034: result: a.out
configure:3040: checking for suffix of executables
configure:3047: aarch64-mix210-linux-gcc -o conftest    conftest.c  >&5
configure:3051: $? = 0
configure:3073: result: 
configure:3095: checking whether we are cross compiling
configure:3103: aarch64-mix210-linux-gcc -o conftest    conftest.c  >&5
configure:3107: $? = 0
configure:3114: ./conftest
./configure: line 3116: ./conftest: cannot execute binary file: Exec format error
configure:3118: $? = 126
configure:3133: result: yes
configure:3138: checking for suffix of object files
configure:3160: aarch64-mix210-linux-gcc -c   conftest.c >&5
configure:3164: $? = 0
configure:3185: result: o
configure:3189: checking whether we are using the GNU C compiler
configure:3208: aarch64-mix210-linux-gcc -c   conftest.c >&5
configure:3208: $? = 0
configure:3217: result: yes
configure:3226: checking whether aarch64-mix210-linux-gcc accepts -g
configure:3246: aarch64-mix210-linux-gcc -c -g  conftest.c >&5
configure:3246: $? = 0
configure:3287: result: yes
configure:3304: checking for aarch64-mix210-linux-gcc option to accept ISO C89
configure:3367: aarch64-mix210-linux-gcc  -c -g -O2  conftest.c >&5
configure:3367: $? = 0
configure:3380: result: none needed
configure:3405: checking how to run the C preprocessor
configure:3436: aarch64-mix210-linux-gcc -E  conftest.c
configure:3436: $? = 0
configure:3450: aarch64-mix210-linux-gcc -E  conftest.c
conftest.c:9:10: fatal error: ac_nonexistent.h: No such file or directory
 #include <ac_nonexistent.h>
          ^~~~~~~~~~~~~~~~~~
compilation terminated.
configure:3450: $? = 1
configure: failed program was:
| /* confdefs.h */
| #define PACKAGE_NAME "FreeType"
| #define PACKAGE_TARNAME "freetype"
| #define PACKAGE_VERSION "2.9"
| #define PACKAGE_STRING "FreeType 2.9"
| #define PACKAGE_BUGREPORT "freetype@nongnu.org"
| #define PACKAGE_URL ""
| /* end confdefs.h.  */
| #include <ac_nonexistent.h>
configure:3475: result: aarch64-mix210-linux-gcc -E
configure:3495: aarch64-mix210-linux-gcc -E  conftest.c
configure:3495: $? = 0
configure:3509: aarch64-mix210-linux-gcc -E  conftest.c
conftest.c:9:10: fatal error: ac_nonexistent.h: No such file or directory
 #include <ac_nonexistent.h>
          ^~~~~~~~~~~~~~~~~~
compilation terminated.
configure:3509: $? = 1
configure: failed program was:
| /* confdefs.h */
| #define PACKAGE_NAME "FreeType"
| #define PACKAGE_TARNAME "freetype"
| #define PACKAGE_VERSION "2.9"
| #define PACKAGE_STRING "FreeType 2.9"
| #define PACKAGE_BUGREPORT "freetype@nongnu.org"
| #define PACKAGE_URL ""
| /* end confdefs.h.  */
| #include <ac_nonexistent.h>
configure:3550: checking for aarch64-mix210-linux-pkg-config
configure:3583: result: no
configure:3593: checking for pkg-config
configure:3611: found /usr/bin/pkg-config
configure:3623: result: /usr/bin/pkg-config
configure:3635: WARNING: using cross tools not prefixed with host triplet
configure:3648: checking pkg-config is at least version 0.24
configure:3651: result: yes
configure:3706: checking how to print strings
configure:3733: result: printf
configure:3754: checking for a sed that does not truncate output
configure:3818: result: /bin/sed
configure:3836: checking for grep that handles long lines and -e
configure:3894: result: /bin/grep
configure:3899: checking for egrep
configure:3961: result: /bin/grep -E
configure:3966: checking for fgrep
configure:4028: result: /bin/grep -F
configure:4063: checking for ld used by aarch64-mix210-linux-gcc
configure:4130: result: /opt/linux/x86-arm/aarch64-mix210-linux/aarch64-linux-gnu/bin/ld
configure:4137: checking if the linker (/opt/linux/x86-arm/aarch64-mix210-linux/aarch64-linux-gnu/bin/ld) is GNU ld
configure:4152: result: yes
configure:4164: checking for BSD- or MS-compatible name lister (nm)
configure:4218: result: /opt/linux/x86-arm/aarch64-mix210-linux/bin/aarch64-mix210-linux-nm -B
configure:4348: checking the name lister (/opt/linux/x86-arm/aarch64-mix210-linux/bin/aarch64-mix210-linux-nm -B) interface
configure:4355: aarch64-mix210-linux-gcc -c -g -O2  conftest.c >&5
configure:4358: /opt/linux/x86-arm/aarch64-mix210-linux/bin/aarch64-mix210-linux-nm -B "conftest.o"
configure:4361: output
0000000000000000 B some_variable
configure:4368: result: BSD nm
configure:4371: checking whether ln -s works
configure:4375: result: yes
configure:4383: checking the maximum length of command line arguments
configure:4514: result: 1572864
configure:4562: checking how to convert x86_64-pc-linux-gnu file names to aarch64-mix210-linux-gnu format
configure:4602: result: func_convert_file_noop
configure:4609: checking how to convert x86_64-pc-linux-gnu file names to toolchain format
configure:4629: result: func_convert_file_noop
configure:4636: checking for /opt/linux/x86-arm/aarch64-mix210-linux/aarch64-linux-gnu/bin/ld option to reload object files
configure:4643: result: -r
configure:4677: checking for aarch64-mix210-linux-objdump
configure:4693: found /opt/linux/x86-arm/aarch64-mix210-linux/bin/aarch64-mix210-linux-objdump
configure:4704: result: aarch64-mix210-linux-objdump
configure:4773: checking how to recognize dependent libraries
configure:4973: result: pass_all
configure:5018: checking for aarch64-mix210-linux-dlltool
configure:5048: result: no
configure:5058: checking for dlltool
configure:5088: result: no
configure:5115: checking how to associate runtime and link libraries
configure:5142: result: printf %s\n
configure:5159: checking for aarch64-mix210-linux-ar
configure:5175: found /opt/linux/x86-arm/aarch64-mix210-linux/bin/aarch64-mix210-linux-ar
configure:5186: result: aarch64-mix210-linux-ar
configure:5267: checking for archiver @FILE support
configure:5284: aarch64-mix210-linux-gcc -c -g -O2  conftest.c >&5
configure:5284: $? = 0
configure:5287: aarch64-mix210-linux-ar cru libconftest.a @conftest.lst >&5
configure:5290: $? = 0
configure:5295: aarch64-mix210-linux-ar cru libconftest.a @conftest.lst >&5
aarch64-mix210-linux-ar: conftest.o: No such file or directory
configure:5298: $? = 1
configure:5310: result: @
configure:5328: checking for aarch64-mix210-linux-strip
configure:5344: found /opt/linux/x86-arm/aarch64-mix210-linux/bin/aarch64-mix210-linux-strip
configure:5355: result: aarch64-mix210-linux-strip
configure:5427: checking for aarch64-mix210-linux-ranlib
configure:5443: found /opt/linux/x86-arm/aarch64-mix210-linux/bin/aarch64-mix210-linux-ranlib
configure:5454: result: aarch64-mix210-linux-ranlib
configure:5571: checking for gawk
configure:5587: found /usr/bin/gawk
configure:5598: result: gawk
configure:5638: checking command to parse /opt/linux/x86-arm/aarch64-mix210-linux/bin/aarch64-mix210-linux-nm -B output from aarch64-mix210-linux-gcc object
configure:5791: aarch64-mix210-linux-gcc -c -g -O2  conftest.c >&5
configure:5794: $? = 0
configure:5798: /opt/linux/x86-arm/aarch64-mix210-linux/bin/aarch64-mix210-linux-nm -B conftest.o \| sed -n -e 's/^.*[ ]\([ABCDGIRSTW][ABCDGIRSTW]*\)[ ][ ]*\([_A-Za-z][_A-Za-z0-9]*\)$/\1 \2 \2/p' | sed '/ __gnu_lto/d' \> conftest.nm
configure:5801: $? = 0
configure:5867: aarch64-mix210-linux-gcc -o conftest -g -O2   conftest.c conftstm.o >&5
configure:5870: $? = 0
configure:5908: result: ok
configure:5955: checking for sysroot
configure:5985: result: no
configure:5992: checking for a working dd
configure:6030: result: /bin/dd
configure:6034: checking how to truncate binary pipes
configure:6049: result: /bin/dd bs=4096 count=1
configure:6338: checking for aarch64-mix210-linux-mt
configure:6368: result: no
configure:6378: checking for mt
configure:6394: found /bin/mt
configure:6405: result: mt
configure:6428: checking if mt is a manifest tool
configure:6434: mt '-?'
configure:6442: result: no
configure:7115: checking for ANSI C header files
configure:7135: aarch64-mix210-linux-gcc -c -g -O2  conftest.c >&5
configure:7135: $? = 0
configure:7219: result: yes
configure:7232: checking for sys/types.h
configure:7232: aarch64-mix210-linux-gcc -c -g -O2  conftest.c >&5
configure:7232: $? = 0
configure:7232: result: yes
configure:7232: checking for sys/stat.h
configure:7232: aarch64-mix210-linux-gcc -c -g -O2  conftest.c >&5
configure:7232: $? = 0
configure:7232: result: yes
configure:7232: checking for stdlib.h
configure:7232: aarch64-mix210-linux-gcc -c -g -O2  conftest.c >&5
configure:7232: $? = 0
configure:7232: result: yes
configure:7232: checking for string.h
configure:7232: aarch64-mix210-linux-gcc -c -g -O2  conftest.c >&5
configure:7232: $? = 0
configure:7232: result: yes
configure:7232: checking for memory.h
configure:7232: aarch64-mix210-linux-gcc -c -g -O2  conftest.c >&5
configure:7232: $? = 0
configure:7232: result: yes
configure:7232: checking for strings.h
configure:7232: aarch64-mix210-linux-gcc -c -g -O2  conftest.c >&5
configure:7232: $? = 0
configure:7232: result: yes
configure:7232: checking for inttypes.h
configure:7232: aarch64-mix210-linux-gcc -c -g -O2  conftest.c >&5
configure:7232: $? = 0
configure:7232: result: yes
configure:7232: checking for stdint.h
configure:7232: aarch64-mix210-linux-gcc -c -g -O2  conftest.c >&5
configure:7232: $? = 0
configure:7232: result: yes
configure:7232: checking for unistd.h
configure:7232: aarch64-mix210-linux-gcc -c -g -O2  conftest.c >&5
configure:7232: $? = 0
configure:7232: result: yes
configure:7246: checking for dlfcn.h
configure:7246: aarch64-mix210-linux-gcc -c -g -O2  conftest.c >&5
configure:7246: $? = 0
configure:7246: result: yes
configure:7800: checking for objdir
configure:7815: result: .libs
configure:8075: checking if aarch64-mix210-linux-gcc supports -fno-rtti -fno-exceptions
configure:8093: aarch64-mix210-linux-gcc -c -g -O2  -fno-rtti -fno-exceptions conftest.c >&5
cc1: warning: command line option '-fno-rtti' is valid for C++/ObjC++ but not for C
configure:8097: $? = 0
configure:8110: result: no
configure:8468: checking for aarch64-mix210-linux-gcc option to produce PIC
configure:8475: result: -fPIC -DPIC
configure:8483: checking if aarch64-mix210-linux-gcc PIC flag -fPIC -DPIC works
configure:8501: aarch64-mix210-linux-gcc -c -g -O2  -fPIC -DPIC -DPIC conftest.c >&5
configure:8505: $? = 0
configure:8518: result: yes
configure:8547: checking if aarch64-mix210-linux-gcc static flag -static works
configure:8575: result: yes
configure:8590: checking if aarch64-mix210-linux-gcc supports -c -o file.o
configure:8611: aarch64-mix210-linux-gcc -c -g -O2  -o out/conftest2.o conftest.c >&5
configure:8615: $? = 0
configure:8637: result: yes
configure:8645: checking if aarch64-mix210-linux-gcc supports -c -o file.o
configure:8692: result: yes
configure:8725: checking whether the aarch64-mix210-linux-gcc linker (/opt/linux/x86-arm/aarch64-mix210-linux/aarch64-linux-gnu/bin/ld) supports shared libraries
configure:9984: result: yes
configure:10021: checking whether -lc should be explicitly linked in
configure:10029: aarch64-mix210-linux-gcc -c -g -O2  conftest.c >&5
configure:10032: $? = 0
configure:10047: aarch64-mix210-linux-gcc -shared  -fPIC -DPIC conftest.o  -v -Wl,-soname -Wl,conftest -o conftest 2\>\&1 \| /bin/grep  -lc  \>/dev/null 2\>\&1
configure:10050: $? = 0
configure:10064: result: no
configure:10224: checking dynamic linker characteristics
configure:10805: aarch64-mix210-linux-gcc -o conftest -g -O2   -Wl,-rpath -Wl,/foo conftest.c  >&5
configure:10805: $? = 0
configure:11042: result: GNU/Linux ld.so
configure:11164: checking how to hardcode library paths into programs
configure:11189: result: immediate
configure:11737: checking whether stripping libraries is possible
configure:11742: result: yes
configure:11777: checking if libtool supports shared libraries
configure:11779: result: yes
configure:11782: checking whether to build shared libraries
configure:11807: result: yes
configure:11810: checking whether to build static libraries
configure:11814: result: yes
configure:11858: checking for x86_64-pc-linux-gnu-gcc
configure:11888: result: no
configure:11895: checking for gcc
configure:11911: found /usr/bin/gcc
configure:11922: result: gcc
configure:11932: checking for gcc
configure:11976: result: gcc
configure:11986: checking for suffix of native executables
configure:12000: result: 
configure:12030: checking for a BSD-compatible install
configure:12098: result: /usr/bin/install -c
configure:12117: checking for a thread-safe mkdir -p
configure:12156: result: /bin/mkdir -p
configure:12170: checking for ANSI C header files
configure:12274: result: yes
configure:12285: checking fcntl.h usability
configure:12285: aarch64-mix210-linux-gcc -c -g -O2  conftest.c >&5
configure:12285: $? = 0
configure:12285: result: yes
configure:12285: checking fcntl.h presence
configure:12285: aarch64-mix210-linux-gcc -E  conftest.c
configure:12285: $? = 0
configure:12285: result: yes
configure:12285: checking for fcntl.h
configure:12285: result: yes
configure:12285: checking for unistd.h
configure:12285: result: yes
configure:12299: checking for an ANSI C-conforming const
configure:12365: aarch64-mix210-linux-gcc -c -g -O2  conftest.c >&5
configure:12365: $? = 0
configure:12372: result: yes
configure:12384: checking size of int
configure:12389: aarch64-mix210-linux-gcc -c -g -O2  conftest.c >&5
configure:12389: $? = 0
configure:12389: aarch64-mix210-linux-gcc -c -g -O2  conftest.c >&5
conftest.c: In function 'main':
conftest.c:60:12: error: size of array 'test_array' is negative
 static int test_array [1 - 2 * !(((long int) (sizeof (int))) <= 0)];
            ^~~~~~~~~~
configure:12389: $? = 1
configure: failed program was:
| /* confdefs.h */
| #define PACKAGE_NAME "FreeType"
| #define PACKAGE_TARNAME "freetype"
| #define PACKAGE_VERSION "2.9"
| #define PACKAGE_STRING "FreeType 2.9"
| #define PACKAGE_BUGREPORT "freetype@nongnu.org"
| #define PACKAGE_URL ""
| #define STDC_HEADERS 1
| #define HAVE_SYS_TYPES_H 1
| #define HAVE_SYS_STAT_H 1
| #define HAVE_STDLIB_H 1
| #define HAVE_STRING_H 1
| #define HAVE_MEMORY_H 1
| #define HAVE_STRINGS_H 1
| #define HAVE_INTTYPES_H 1
| #define HAVE_STDINT_H 1
| #define HAVE_UNISTD_H 1
| #define HAVE_DLFCN_H 1
| #define LT_OBJDIR ".libs/"
| #define STDC_HEADERS 1
| #define HAVE_FCNTL_H 1
| #define HAVE_UNISTD_H 1
| /* end confdefs.h.  */
| #include <stdio.h>
| #ifdef HAVE_SYS_TYPES_H
| # include <sys/types.h>
| #endif
| #ifdef HAVE_SYS_STAT_H
| # include <sys/stat.h>
| #endif
| #ifdef STDC_HEADERS
| # include <stdlib.h>
| # include <stddef.h>
| #else
| # ifdef HAVE_STDLIB_H
| #  include <stdlib.h>
| # endif
| #endif
| #ifdef HAVE_STRING_H
| # if !defined STDC_HEADERS && defined HAVE_MEMORY_H
| #  include <memory.h>
| # endif
| # include <string.h>
| #endif
| #ifdef HAVE_STRINGS_H
| # include <strings.h>
| #endif
| #ifdef HAVE_INTTYPES_H
| # include <inttypes.h>
| #endif
| #ifdef HAVE_STDINT_H
| # include <stdint.h>
| #endif
| #ifdef HAVE_UNISTD_H
| # include <unistd.h>
| #endif
| int
| main ()
| {
| static int test_array [1 - 2 * !(((long int) (sizeof (int))) <= 0)];
| test_array [0] = 0;
| return test_array [0];
| 
|   ;
|   return 0;
| }
configure:12389: aarch64-mix210-linux-gcc -c -g -O2  conftest.c >&5
conftest.c: In function 'main':
conftest.c:60:12: error: size of array 'test_array' is negative
 static int test_array [1 - 2 * !(((long int) (sizeof (int))) <= 1)];
            ^~~~~~~~~~
configure:12389: $? = 1
configure: failed program was:
| /* confdefs.h */
| #define PACKAGE_NAME "FreeType"
| #define PACKAGE_TARNAME "freetype"
| #define PACKAGE_VERSION "2.9"
| #define PACKAGE_STRING "FreeType 2.9"
| #define PACKAGE_BUGREPORT "freetype@nongnu.org"
| #define PACKAGE_URL ""
| #define STDC_HEADERS 1
| #define HAVE_SYS_TYPES_H 1
| #define HAVE_SYS_STAT_H 1
| #define HAVE_STDLIB_H 1
| #define HAVE_STRING_H 1
| #define HAVE_MEMORY_H 1
| #define HAVE_STRINGS_H 1
| #define HAVE_INTTYPES_H 1
| #define HAVE_STDINT_H 1
| #define HAVE_UNISTD_H 1
| #define HAVE_DLFCN_H 1
| #define LT_OBJDIR ".libs/"
| #define STDC_HEADERS 1
| #define HAVE_FCNTL_H 1
| #define HAVE_UNISTD_H 1
| /* end confdefs.h.  */
| #include <stdio.h>
| #ifdef HAVE_SYS_TYPES_H
| # include <sys/types.h>
| #endif
| #ifdef HAVE_SYS_STAT_H
| # include <sys/stat.h>
| #endif
| #ifdef STDC_HEADERS
| # include <stdlib.h>
| # include <stddef.h>
| #else
| # ifdef HAVE_STDLIB_H
| #  include <stdlib.h>
| # endif
| #endif
| #ifdef HAVE_STRING_H
| # if !defined STDC_HEADERS && defined HAVE_MEMORY_H
| #  include <memory.h>
| # endif
| # include <string.h>
| #endif
| #ifdef HAVE_STRINGS_H
| # include <strings.h>
| #endif
| #ifdef HAVE_INTTYPES_H
| # include <inttypes.h>
| #endif
| #ifdef HAVE_STDINT_H
| # include <stdint.h>
| #endif
| #ifdef HAVE_UNISTD_H
| # include <unistd.h>
| #endif
| int
| main ()
| {
| static int test_array [1 - 2 * !(((long int) (sizeof (int))) <= 1)];
| test_array [0] = 0;
| return test_array [0];
| 
|   ;
|   return 0;
| }
configure:12389: aarch64-mix210-linux-gcc -c -g -O2  conftest.c >&5
conftest.c: In function 'main':
conftest.c:60:12: error: size of array 'test_array' is negative
 static int test_array [1 - 2 * !(((long int) (sizeof (int))) <= 3)];
            ^~~~~~~~~~
configure:12389: $? = 1
configure: failed program was:
| /* confdefs.h */
| #define PACKAGE_NAME "FreeType"
| #define PACKAGE_TARNAME "freetype"
| #define PACKAGE_VERSION "2.9"
| #define PACKAGE_STRING "FreeType 2.9"
| #define PACKAGE_BUGREPORT "freetype@nongnu.org"
| #define PACKAGE_URL ""
| #define STDC_HEADERS 1
| #define HAVE_SYS_TYPES_H 1
| #define HAVE_SYS_STAT_H 1
| #define HAVE_STDLIB_H 1
| #define HAVE_STRING_H 1
| #define HAVE_MEMORY_H 1
| #define HAVE_STRINGS_H 1
| #define HAVE_INTTYPES_H 1
| #define HAVE_STDINT_H 1
| #define HAVE_UNISTD_H 1
| #define HAVE_DLFCN_H 1
| #define LT_OBJDIR ".libs/"
| #define STDC_HEADERS 1
| #define HAVE_FCNTL_H 1
| #define HAVE_UNISTD_H 1
| /* end confdefs.h.  */
| #include <stdio.h>
| #ifdef HAVE_SYS_TYPES_H
| # include <sys/types.h>
| #endif
| #ifdef HAVE_SYS_STAT_H
| # include <sys/stat.h>
| #endif
| #ifdef STDC_HEADERS
| # include <stdlib.h>
| # include <stddef.h>
| #else
| # ifdef HAVE_STDLIB_H
| #  include <stdlib.h>
| # endif
| #endif
| #ifdef HAVE_STRING_H
| # if !defined STDC_HEADERS && defined HAVE_MEMORY_H
| #  include <memory.h>
| # endif
| # include <string.h>
| #endif
| #ifdef HAVE_STRINGS_H
| # include <strings.h>
| #endif
| #ifdef HAVE_INTTYPES_H
| # include <inttypes.h>
| #endif
| #ifdef HAVE_STDINT_H
| # include <stdint.h>
| #endif
| #ifdef HAVE_UNISTD_H
| # include <unistd.h>
| #endif
| int
| main ()
| {
| static int test_array [1 - 2 * !(((long int) (sizeof (int))) <= 3)];
| test_array [0] = 0;
| return test_array [0];
| 
|   ;
|   return 0;
| }
configure:12389: aarch64-mix210-linux-gcc -c -g -O2  conftest.c >&5
configure:12389: $? = 0
configure:12389: aarch64-mix210-linux-gcc -c -g -O2  conftest.c >&5
configure:12389: $? = 0
configure:12389: aarch64-mix210-linux-gcc -c -g -O2  conftest.c >&5
configure:12389: $? = 0
configure:12403: result: 4
configure:12417: checking size of long
configure:12422: aarch64-mix210-linux-gcc -c -g -O2  conftest.c >&5
configure:12422: $? = 0
configure:12422: aarch64-mix210-linux-gcc -c -g -O2  conftest.c >&5
conftest.c: In function 'main':
conftest.c:61:12: error: size of array 'test_array' is negative
 static int test_array [1 - 2 * !(((long int) (sizeof (long))) <= 0)];
            ^~~~~~~~~~
configure:12422: $? = 1
configure: failed program was:
| /* confdefs.h */
| #define PACKAGE_NAME "FreeType"
| #define PACKAGE_TARNAME "freetype"
| #define PACKAGE_VERSION "2.9"
| #define PACKAGE_STRING "FreeType 2.9"
| #define PACKAGE_BUGREPORT "freetype@nongnu.org"
| #define PACKAGE_URL ""
| #define STDC_HEADERS 1
| #define HAVE_SYS_TYPES_H 1
| #define HAVE_SYS_STAT_H 1
| #define HAVE_STDLIB_H 1
| #define HAVE_STRING_H 1
| #define HAVE_MEMORY_H 1
| #define HAVE_STRINGS_H 1
| #define HAVE_INTTYPES_H 1
| #define HAVE_STDINT_H 1
| #define HAVE_UNISTD_H 1
| #define HAVE_DLFCN_H 1
| #define LT_OBJDIR ".libs/"
| #define STDC_HEADERS 1
| #define HAVE_FCNTL_H 1
| #define HAVE_UNISTD_H 1
| #define SIZEOF_INT 4
| /* end confdefs.h.  */
| #include <stdio.h>
| #ifdef HAVE_SYS_TYPES_H
| # include <sys/types.h>
| #endif
| #ifdef HAVE_SYS_STAT_H
| # include <sys/stat.h>
| #endif
| #ifdef STDC_HEADERS
| # include <stdlib.h>
| # include <stddef.h>
| #else
| # ifdef HAVE_STDLIB_H
| #  include <stdlib.h>
| # endif
| #endif
| #ifdef HAVE_STRING_H
| # if !defined STDC_HEADERS && defined HAVE_MEMORY_H
| #  include <memory.h>
| # endif
| # include <string.h>
| #endif
| #ifdef HAVE_STRINGS_H
| # include <strings.h>
| #endif
| #ifdef HAVE_INTTYPES_H
| # include <inttypes.h>
| #endif
| #ifdef HAVE_STDINT_H
| # include <stdint.h>
| #endif
| #ifdef HAVE_UNISTD_H
| # include <unistd.h>
| #endif
| int
| main ()
| {
| static int test_array [1 - 2 * !(((long int) (sizeof (long))) <= 0)];
| test_array [0] = 0;
| return test_array [0];
| 
|   ;
|   return 0;
| }
configure:12422: aarch64-mix210-linux-gcc -c -g -O2  conftest.c >&5
conftest.c: In function 'main':
conftest.c:61:12: error: size of array 'test_array' is negative
 static int test_array [1 - 2 * !(((long int) (sizeof (long))) <= 1)];
            ^~~~~~~~~~
configure:12422: $? = 1
configure: failed program was:
| /* confdefs.h */
| #define PACKAGE_NAME "FreeType"
| #define PACKAGE_TARNAME "freetype"
| #define PACKAGE_VERSION "2.9"
| #define PACKAGE_STRING "FreeType 2.9"
| #define PACKAGE_BUGREPORT "freetype@nongnu.org"
| #define PACKAGE_URL ""
| #define STDC_HEADERS 1
| #define HAVE_SYS_TYPES_H 1
| #define HAVE_SYS_STAT_H 1
| #define HAVE_STDLIB_H 1
| #define HAVE_STRING_H 1
| #define HAVE_MEMORY_H 1
| #define HAVE_STRINGS_H 1
| #define HAVE_INTTYPES_H 1
| #define HAVE_STDINT_H 1
| #define HAVE_UNISTD_H 1
| #define HAVE_DLFCN_H 1
| #define LT_OBJDIR ".libs/"
| #define STDC_HEADERS 1
| #define HAVE_FCNTL_H 1
| #define HAVE_UNISTD_H 1
| #define SIZEOF_INT 4
| /* end confdefs.h.  */
| #include <stdio.h>
| #ifdef HAVE_SYS_TYPES_H
| # include <sys/types.h>
| #endif
| #ifdef HAVE_SYS_STAT_H
| # include <sys/stat.h>
| #endif
| #ifdef STDC_HEADERS
| # include <stdlib.h>
| # include <stddef.h>
| #else
| # ifdef HAVE_STDLIB_H
| #  include <stdlib.h>
| # endif
| #endif
| #ifdef HAVE_STRING_H
| # if !defined STDC_HEADERS && defined HAVE_MEMORY_H
| #  include <memory.h>
| # endif
| # include <string.h>
| #endif
| #ifdef HAVE_STRINGS_H
| # include <strings.h>
| #endif
| #ifdef HAVE_INTTYPES_H
| # include <inttypes.h>
| #endif
| #ifdef HAVE_STDINT_H
| # include <stdint.h>
| #endif
| #ifdef HAVE_UNISTD_H
| # include <unistd.h>
| #endif
| int
| main ()
| {
| static int test_array [1 - 2 * !(((long int) (sizeof (long))) <= 1)];
| test_array [0] = 0;
| return test_array [0];
| 
|   ;
|   return 0;
| }
configure:12422: aarch64-mix210-linux-gcc -c -g -O2  conftest.c >&5
conftest.c: In function 'main':
conftest.c:61:12: error: size of array 'test_array' is negative
 static int test_array [1 - 2 * !(((long int) (sizeof (long))) <= 3)];
            ^~~~~~~~~~
configure:12422: $? = 1
configure: failed program was:
| /* confdefs.h */
| #define PACKAGE_NAME "FreeType"
| #define PACKAGE_TARNAME "freetype"
| #define PACKAGE_VERSION "2.9"
| #define PACKAGE_STRING "FreeType 2.9"
| #define PACKAGE_BUGREPORT "freetype@nongnu.org"
| #define PACKAGE_URL ""
| #define STDC_HEADERS 1
| #define HAVE_SYS_TYPES_H 1
| #define HAVE_SYS_STAT_H 1
| #define HAVE_STDLIB_H 1
| #define HAVE_STRING_H 1
| #define HAVE_MEMORY_H 1
| #define HAVE_STRINGS_H 1
| #define HAVE_INTTYPES_H 1
| #define HAVE_STDINT_H 1
| #define HAVE_UNISTD_H 1
| #define HAVE_DLFCN_H 1
| #define LT_OBJDIR ".libs/"
| #define STDC_HEADERS 1
| #define HAVE_FCNTL_H 1
| #define HAVE_UNISTD_H 1
| #define SIZEOF_INT 4
| /* end confdefs.h.  */
| #include <stdio.h>
| #ifdef HAVE_SYS_TYPES_H
| # include <sys/types.h>
| #endif
| #ifdef HAVE_SYS_STAT_H
| # include <sys/stat.h>
| #endif
| #ifdef STDC_HEADERS
| # include <stdlib.h>
| # include <stddef.h>
| #else
| # ifdef HAVE_STDLIB_H
| #  include <stdlib.h>
| # endif
| #endif
| #ifdef HAVE_STRING_H
| # if !defined STDC_HEADERS && defined HAVE_MEMORY_H
| #  include <memory.h>
| # endif
| # include <string.h>
| #endif
| #ifdef HAVE_STRINGS_H
| # include <strings.h>
| #endif
| #ifdef HAVE_INTTYPES_H
| # include <inttypes.h>
| #endif
| #ifdef HAVE_STDINT_H
| # include <stdint.h>
| #endif
| #ifdef HAVE_UNISTD_H
| # include <unistd.h>
| #endif
| int
| main ()
| {
| static int test_array [1 - 2 * !(((long int) (sizeof (long))) <= 3)];
| test_array [0] = 0;
| return test_array [0];
| 
|   ;
|   return 0;
| }
configure:12422: aarch64-mix210-linux-gcc -c -g -O2  conftest.c >&5
conftest.c: In function 'main':
conftest.c:61:12: error: size of array 'test_array' is negative
 static int test_array [1 - 2 * !(((long int) (sizeof (long))) <= 7)];
            ^~~~~~~~~~
configure:12422: $? = 1
configure: failed program was:
| /* confdefs.h */
| #define PACKAGE_NAME "FreeType"
| #define PACKAGE_TARNAME "freetype"
| #define PACKAGE_VERSION "2.9"
| #define PACKAGE_STRING "FreeType 2.9"
| #define PACKAGE_BUGREPORT "freetype@nongnu.org"
| #define PACKAGE_URL ""
| #define STDC_HEADERS 1
| #define HAVE_SYS_TYPES_H 1
| #define HAVE_SYS_STAT_H 1
| #define HAVE_STDLIB_H 1
| #define HAVE_STRING_H 1
| #define HAVE_MEMORY_H 1
| #define HAVE_STRINGS_H 1
| #define HAVE_INTTYPES_H 1
| #define HAVE_STDINT_H 1
| #define HAVE_UNISTD_H 1
| #define HAVE_DLFCN_H 1
| #define LT_OBJDIR ".libs/"
| #define STDC_HEADERS 1
| #define HAVE_FCNTL_H 1
| #define HAVE_UNISTD_H 1
| #define SIZEOF_INT 4
| /* end confdefs.h.  */
| #include <stdio.h>
| #ifdef HAVE_SYS_TYPES_H
| # include <sys/types.h>
| #endif
| #ifdef HAVE_SYS_STAT_H
| # include <sys/stat.h>
| #endif
| #ifdef STDC_HEADERS
| # include <stdlib.h>
| # include <stddef.h>
| #else
| # ifdef HAVE_STDLIB_H
| #  include <stdlib.h>
| # endif
| #endif
| #ifdef HAVE_STRING_H
| # if !defined STDC_HEADERS && defined HAVE_MEMORY_H
| #  include <memory.h>
| # endif
| # include <string.h>
| #endif
| #ifdef HAVE_STRINGS_H
| # include <strings.h>
| #endif
| #ifdef HAVE_INTTYPES_H
| # include <inttypes.h>
| #endif
| #ifdef HAVE_STDINT_H
| # include <stdint.h>
| #endif
| #ifdef HAVE_UNISTD_H
| # include <unistd.h>
| #endif
| int
| main ()
| {
| static int test_array [1 - 2 * !(((long int) (sizeof (long))) <= 7)];
| test_array [0] = 0;
| return test_array [0];
| 
|   ;
|   return 0;
| }
configure:12422: aarch64-mix210-linux-gcc -c -g -O2  conftest.c >&5
configure:12422: $? = 0
configure:12422: aarch64-mix210-linux-gcc -c -g -O2  conftest.c >&5
configure:12422: $? = 0
configure:12422: aarch64-mix210-linux-gcc -c -g -O2  conftest.c >&5
configure:12422: $? = 0
configure:12422: aarch64-mix210-linux-gcc -c -g -O2  conftest.c >&5
configure:12422: $? = 0
configure:12436: result: 8
configure:12447: checking for unsigned long long int
configure:12486: aarch64-mix210-linux-gcc -o conftest -g -O2   conftest.c  >&5
configure:12486: $? = 0
configure:12495: result: yes
configure:12505: checking for long long int
configure:12555: result: yes
configure:12567: checking whether cpp computation of bit length in ftconfig.in works
configure:12622: result: yes
configure:12651: checking for special C compiler options needed for large files
configure:12696: result: no
configure:12702: checking for _FILE_OFFSET_BITS value needed for large files
configure:12727: aarch64-mix210-linux-gcc -c -g -O2  conftest.c >&5
configure:12727: $? = 0
configure:12759: result: no
configure:12861: checking for stdlib.h
configure:12861: result: yes
configure:12861: checking for unistd.h
configure:12861: result: yes
configure:12861: checking for sys/param.h
configure:12861: aarch64-mix210-linux-gcc -c -g -O2  conftest.c >&5
configure:12861: $? = 0
configure:12861: result: yes
configure:12881: checking for getpagesize
configure:12881: aarch64-mix210-linux-gcc -o conftest -g -O2   conftest.c  >&5
configure:12881: $? = 0
configure:12881: result: yes
configure:12890: checking for working mmap
configure:13047: result: no
configure:13115: checking for memcpy
configure:13115: aarch64-mix210-linux-gcc -o conftest -g -O2   conftest.c  >&5
conftest.c:55:6: warning: conflicting types for built-in function 'memcpy' [-Wbuiltin-declaration-mismatch]
 char memcpy ();
      ^~~~~~
configure:13115: $? = 0
configure:13115: result: yes
configure:13115: checking for memmove
configure:13115: aarch64-mix210-linux-gcc -o conftest -g -O2   conftest.c  >&5
conftest.c:56:6: warning: conflicting types for built-in function 'memmove' [-Wbuiltin-declaration-mismatch]
 char memmove ();
      ^~~~~~~
configure:13115: $? = 0
configure:13115: result: yes
configure:13167: checking gcc compiler flag -pedantic to assure ANSI C works correctly
configure:13194: aarch64-mix210-linux-gcc -c -g -O2  -pedantic  conftest.c >&5
configure:13194: $? = 0
configure:13195: result: ok, adding to XX_ANSIFLAGS
configure:13167: checking gcc compiler flag -ansi to assure ANSI C works correctly
configure:13194: aarch64-mix210-linux-gcc -c -g -O2  -pedantic -ansi  conftest.c >&5
configure:13194: $? = 0
configure:13195: result: ok, adding to XX_ANSIFLAGS
configure:13429: $PKG_CONFIG --exists --print-errors "$bzip2_pkg"
Package bzip2 was not found in the pkg-config search path.
Perhaps you should add the directory containing `bzip2.pc'
to the PKG_CONFIG_PATH environment variable
No package 'bzip2' found
configure:13432: $? = 1
configure:13439: checking for BZIP2
configure:13446: $PKG_CONFIG --exists --print-errors "$bzip2_pkg"
Package bzip2 was not found in the pkg-config search path.
Perhaps you should add the directory containing `bzip2.pc'
to the PKG_CONFIG_PATH environment variable
No package 'bzip2' found
configure:13449: $? = 1
configure:13463: $PKG_CONFIG --exists --print-errors "$bzip2_pkg"
Package bzip2 was not found in the pkg-config search path.
Perhaps you should add the directory containing `bzip2.pc'
to the PKG_CONFIG_PATH environment variable
No package 'bzip2' found
configure:13466: $? = 1
configure:13480: result: no
No package 'bzip2' found
configure:13524: checking for BZ2_bzDecompress in -lbz2
configure:13549: aarch64-mix210-linux-gcc -o conftest -g -O2   conftest.c -lbz2   >&5
/opt/linux/x86-arm/aarch64-mix210-linux/host_bin/../lib/gcc/aarch64-linux-gnu/7.3.0/../../../../aarch64-linux-gnu/bin/ld: cannot find -lbz2
collect2: error: ld returned 1 exit status
configure:13549: $? = 1
configure: failed program was:
| /* confdefs.h */
| #define PACKAGE_NAME "FreeType"
| #define PACKAGE_TARNAME "freetype"
| #define PACKAGE_VERSION "2.9"
| #define PACKAGE_STRING "FreeType 2.9"
| #define PACKAGE_BUGREPORT "freetype@nongnu.org"
| #define PACKAGE_URL ""
| #define STDC_HEADERS 1
| #define HAVE_SYS_TYPES_H 1
| #define HAVE_SYS_STAT_H 1
| #define HAVE_STDLIB_H 1
| #define HAVE_STRING_H 1
| #define HAVE_MEMORY_H 1
| #define HAVE_STRINGS_H 1
| #define HAVE_INTTYPES_H 1
| #define HAVE_STDINT_H 1
| #define HAVE_UNISTD_H 1
| #define HAVE_DLFCN_H 1
| #define LT_OBJDIR ".libs/"
| #define STDC_HEADERS 1
| #define HAVE_FCNTL_H 1
| #define HAVE_UNISTD_H 1
| #define SIZEOF_INT 4
| #define SIZEOF_LONG 8
| #define HAVE_UNSIGNED_LONG_LONG_INT 1
| #define HAVE_LONG_LONG_INT 1
| #define HAVE_STDLIB_H 1
| #define HAVE_UNISTD_H 1
| #define HAVE_SYS_PARAM_H 1
| #define HAVE_GETPAGESIZE 1
| #define HAVE_MEMCPY 1
| #define HAVE_MEMMOVE 1
| /* end confdefs.h.  */
| 
| /* Override any GCC internal prototype to avoid an error.
|    Use char because int might match the return type of a GCC
|    builtin and then its argument prototype would still apply.  */
| #ifdef __cplusplus
| extern "C"
| #endif
| char BZ2_bzDecompress ();
| int
| main ()
| {
| return BZ2_bzDecompress ();
|   ;
|   return 0;
| }
configure:13558: result: no
configure:13849: checking for library containing clock_gettime
configure:13880: aarch64-mix210-linux-gcc -o conftest -g -O2   conftest.c  >&5
configure:13880: $? = 0
configure:13897: result: none required
configure:14728: creating ./config.status

## ---------------------- ##
## Running config.status. ##
## ---------------------- ##

This file was extended by FreeType config.status 2.9, which was
generated by GNU Autoconf 2.69.  Invocation command line was

  CONFIG_FILES    = 
  CONFIG_HEADERS  = 
  CONFIG_LINKS    = 
  CONFIG_COMMANDS = 
  $ ./config.status 

on ginger-VirtualBox

config.status:1090: creating ftoption.h
config.status:1090: creating unix-cc.mk
config.status:1090: creating unix-def.mk
config.status:1090: creating ftconfig.h
config.status:1285: executing libtool commands
configure:16752: WARNING: unrecognized options: --enable-freetype-config
configure:16764:

Library configuration:
  external zlib: no
  bzip2:         no
  libpng:        no
  harfbuzz:      no


## ---------------- ##
## Cache variables. ##
## ---------------- ##

ac_cv_build=x86_64-pc-linux-gnu
ac_cv_c_compiler_gnu=yes
ac_cv_c_const=yes
ac_cv_env_BZIP2_CFLAGS_set=
ac_cv_env_BZIP2_CFLAGS_value=
ac_cv_env_BZIP2_LIBS_set=
ac_cv_env_BZIP2_LIBS_value=
ac_cv_env_CC_set=set
ac_cv_env_CC_value=aarch64-mix210-linux-gcc
ac_cv_env_CFLAGS_set=
ac_cv_env_CFLAGS_value=
ac_cv_env_CPPFLAGS_set=
ac_cv_env_CPPFLAGS_value=
ac_cv_env_CPP_set=
ac_cv_env_CPP_value=
ac_cv_env_HARFBUZZ_CFLAGS_set=
ac_cv_env_HARFBUZZ_CFLAGS_value=
ac_cv_env_HARFBUZZ_LIBS_set=
ac_cv_env_HARFBUZZ_LIBS_value=
ac_cv_env_LDFLAGS_set=
ac_cv_env_LDFLAGS_value=
ac_cv_env_LIBPNG_CFLAGS_set=
ac_cv_env_LIBPNG_CFLAGS_value=
ac_cv_env_LIBPNG_LIBS_set=
ac_cv_env_LIBPNG_LIBS_value=
ac_cv_env_LIBS_set=
ac_cv_env_LIBS_value=
ac_cv_env_LT_SYS_LIBRARY_PATH_set=
ac_cv_env_LT_SYS_LIBRARY_PATH_value=
ac_cv_env_PKG_CONFIG_LIBDIR_set=
ac_cv_env_PKG_CONFIG_LIBDIR_value=
ac_cv_env_PKG_CONFIG_PATH_set=
ac_cv_env_PKG_CONFIG_PATH_value=
ac_cv_env_PKG_CONFIG_set=
ac_cv_env_PKG_CONFIG_value=
ac_cv_env_ZLIB_CFLAGS_set=
ac_cv_env_ZLIB_CFLAGS_value=
ac_cv_env_ZLIB_LIBS_set=
ac_cv_env_ZLIB_LIBS_value=
ac_cv_env_build_alias_set=
ac_cv_env_build_alias_value=
ac_cv_env_host_alias_set=set
ac_cv_env_host_alias_value=aarch64-mix210-linux
ac_cv_env_target_alias_set=
ac_cv_env_target_alias_value=
ac_cv_func_getpagesize=yes
ac_cv_func_memcpy=yes
ac_cv_func_memmove=yes
ac_cv_func_mmap_fixed_mapped=no
ac_cv_header_dlfcn_h=yes
ac_cv_header_fcntl_h=yes
ac_cv_header_inttypes_h=yes
ac_cv_header_memory_h=yes
ac_cv_header_stdc=yes
ac_cv_header_stdint_h=yes
ac_cv_header_stdlib_h=yes
ac_cv_header_string_h=yes
ac_cv_header_strings_h=yes
ac_cv_header_sys_param_h=yes
ac_cv_header_sys_stat_h=yes
ac_cv_header_sys_types_h=yes
ac_cv_header_unistd_h=yes
ac_cv_host=aarch64-mix210-linux-gnu
ac_cv_lib_bz2_BZ2_bzDecompress=no
ac_cv_objext=o
ac_cv_path_EGREP='/bin/grep -E'
ac_cv_path_FGREP='/bin/grep -F'
ac_cv_path_GREP=/bin/grep
ac_cv_path_SED=/bin/sed
ac_cv_path_ac_pt_PKG_CONFIG=/usr/bin/pkg-config
ac_cv_path_install='/usr/bin/install -c'
ac_cv_path_lt_DD=/bin/dd
ac_cv_path_mkdir=/bin/mkdir
ac_cv_prog_AR=aarch64-mix210-linux-ar
ac_cv_prog_AWK=gawk
ac_cv_prog_CC=aarch64-mix210-linux-gcc
ac_cv_prog_CC_BUILD=gcc
ac_cv_prog_CPP='aarch64-mix210-linux-gcc -E'
ac_cv_prog_OBJDUMP=aarch64-mix210-linux-objdump
ac_cv_prog_RANLIB=aarch64-mix210-linux-ranlib
ac_cv_prog_STRIP=aarch64-mix210-linux-strip
ac_cv_prog_ac_ct_MANIFEST_TOOL=mt
ac_cv_prog_cc_c89=
ac_cv_prog_cc_g=yes
ac_cv_search_clock_gettime='none required'
ac_cv_sizeof_int=4
ac_cv_sizeof_long=8
ac_cv_sys_file_offset_bits=no
ac_cv_sys_largefile_CC=no
ac_cv_type_long_long_int=yes
ac_cv_type_unsigned_long_long_int=yes
lt_cv_ar_at_file=@
lt_cv_archive_cmds_need_lc=no
lt_cv_deplibs_check_method=pass_all
lt_cv_file_magic_cmd='$MAGIC_CMD'
lt_cv_file_magic_test_file=
lt_cv_ld_reload_flag=-r
lt_cv_nm_interface='BSD nm'
lt_cv_objdir=.libs
lt_cv_path_LD=/opt/linux/x86-arm/aarch64-mix210-linux/aarch64-linux-gnu/bin/ld
lt_cv_path_NM='/opt/linux/x86-arm/aarch64-mix210-linux/bin/aarch64-mix210-linux-nm -B'
lt_cv_path_mainfest_tool=no
lt_cv_prog_compiler_c_o=yes
lt_cv_prog_compiler_pic='-fPIC -DPIC'
lt_cv_prog_compiler_pic_works=yes
lt_cv_prog_compiler_rtti_exceptions=no
lt_cv_prog_compiler_static_works=yes
lt_cv_prog_gnu_ld=yes
lt_cv_sharedlib_from_linklib_cmd='printf %s\n'
lt_cv_shlibpath_overrides_runpath=no
lt_cv_sys_global_symbol_pipe='sed -n -e '\''s/^.*[	 ]\([ABCDGIRSTW][ABCDGIRSTW]*\)[	 ][	 ]*\([_A-Za-z][_A-Za-z0-9]*\)$/\1 \2 \2/p'\'' | sed '\''/ __gnu_lto/d'\'''
lt_cv_sys_global_symbol_to_c_name_address='sed -n -e '\''s/^: \(.*\) .*$/  {"\1", (void *) 0},/p'\'' -e '\''s/^[ABCDGIRSTW][ABCDGIRSTW]* .* \(.*\)$/  {"\1", (void *) \&\1},/p'\'''
lt_cv_sys_global_symbol_to_c_name_address_lib_prefix='sed -n -e '\''s/^: \(.*\) .*$/  {"\1", (void *) 0},/p'\'' -e '\''s/^[ABCDGIRSTW][ABCDGIRSTW]* .* \(lib.*\)$/  {"\1", (void *) \&\1},/p'\'' -e '\''s/^[ABCDGIRSTW][ABCDGIRSTW]* .* \(.*\)$/  {"lib\1", (void *) \&\1},/p'\'''
lt_cv_sys_global_symbol_to_cdecl='sed -n -e '\''s/^T .* \(.*\)$/extern int \1();/p'\'' -e '\''s/^[ABCDGIRSTW][ABCDGIRSTW]* .* \(.*\)$/extern char \1;/p'\'''
lt_cv_sys_global_symbol_to_import=
lt_cv_sys_max_cmd_len=1572864
lt_cv_to_host_file_cmd=func_convert_file_noop
lt_cv_to_tool_file_cmd=func_convert_file_noop
lt_cv_truncate_bin='/bin/dd bs=4096 count=1'

## ----------------- ##
## Output variables. ##
## ----------------- ##

AR='aarch64-mix210-linux-ar'
AS='as'
AWK='gawk'
BZIP2_CFLAGS=''
BZIP2_LIBS=''
CC='aarch64-mix210-linux-gcc'
CC_BUILD='gcc'
CFLAGS='-g -O2'
CPP='aarch64-mix210-linux-gcc -E'
CPPFLAGS=''
DEFS='-DHAVE_CONFIG_H'
DLLTOOL='false'
DSYMUTIL=''
DUMPBIN=''
ECHO_C=''
ECHO_N='-n'
ECHO_T=''
EGREP='/bin/grep -E'
EXEEXT=''
EXEEXT_BUILD=''
FGREP='/bin/grep -F'
FTSYS_SRC='$(BASE_DIR)/ftsystem.c'
GREP='/bin/grep'
HARFBUZZ_CFLAGS=''
HARFBUZZ_LIBS=''
INSTALL_DATA='${INSTALL} -m 644'
INSTALL_PROGRAM='${INSTALL}'
INSTALL_SCRIPT='${INSTALL}'
LD='/opt/linux/x86-arm/aarch64-mix210-linux/aarch64-linux-gnu/bin/ld'
LDFLAGS=''
LIBOBJS=''
LIBPNG_CFLAGS=''
LIBPNG_LIBS=''
LIBS=''
LIBSSTATIC_CONFIG='-lfreetype'
LIBS_PRIVATE=''
LIBTOOL='$(SHELL) $(top_builddir)/libtool'
LIB_CLOCK_GETTIME=''
LIPO=''
LN_S='ln -s'
LTLIBOBJS=''
LT_SYS_LIBRARY_PATH=''
MANIFEST_TOOL=':'
MKDIR_P='/bin/mkdir -p'
NM='/opt/linux/x86-arm/aarch64-mix210-linux/bin/aarch64-mix210-linux-nm -B'
NMEDIT=''
OBJDUMP='aarch64-mix210-linux-objdump'
OBJEXT='o'
OTOOL64=''
OTOOL=''
PACKAGE_BUGREPORT='freetype@nongnu.org'
PACKAGE_NAME='FreeType'
PACKAGE_STRING='FreeType 2.9'
PACKAGE_TARNAME='freetype'
PACKAGE_URL=''
PACKAGE_VERSION='2.9'
PATH_SEPARATOR=':'
PKG_CONFIG='/usr/bin/pkg-config'
PKG_CONFIG_LIBDIR=''
PKG_CONFIG_PATH=''
RANLIB='aarch64-mix210-linux-ranlib'
REQUIRES_PRIVATE=''
SED='/bin/sed'
SHELL='/bin/sh'
STRIP='aarch64-mix210-linux-strip'
XX_ANSIFLAGS=' -pedantic -ansi'
XX_CFLAGS='-Wall'
ZLIB_CFLAGS=''
ZLIB_LIBS=''
ac_ct_AR=''
ac_ct_CC=''
ac_ct_DUMPBIN=''
bindir='${exec_prefix}/bin'
build='x86_64-pc-linux-gnu'
build_alias=''
build_cpu='x86_64'
build_libtool_libs=''
build_os='linux-gnu'
build_vendor='pc'
datadir='${datarootdir}'
datarootdir='${prefix}/share'
docdir='${datarootdir}/doc/${PACKAGE_TARNAME}'
dvidir='${docdir}'
exec_prefix='${prefix}'
ft_version='22.0.16'
ftmac_c=''
hardcode_libdir_flag_spec='$wl-rpath $wl$libdir'
host='aarch64-mix210-linux-gnu'
host_alias='aarch64-mix210-linux'
host_cpu='aarch64'
host_os='linux-gnu'
host_vendor='mix210'
htmldir='${docdir}'
includedir='${prefix}/include'
infodir='${datarootdir}/info'
libdir='${exec_prefix}/lib'
libexecdir='${exec_prefix}/libexec'
localedir='${datarootdir}/locale'
localstatedir='${prefix}/var'
mandir='${datarootdir}/man'
oldincludedir='/usr/include'
pdfdir='${docdir}'
prefix='/home/ginger/freetype-2.9/install'
program_transform_name='s,x,x,'
psdir='${docdir}'
sbindir='${exec_prefix}/sbin'
sharedstatedir='${prefix}/com'
sysconfdir='${prefix}/etc'
target_alias=''
version_info='22:0:16'
wl='-Wl,'

## ----------- ##
## confdefs.h. ##
## ----------- ##

/* confdefs.h */
#define PACKAGE_NAME "FreeType"
#define PACKAGE_TARNAME "freetype"
#define PACKAGE_VERSION "2.9"
#define PACKAGE_STRING "FreeType 2.9"
#define PACKAGE_BUGREPORT "freetype@nongnu.org"
#define PACKAGE_URL ""
#define STDC_HEADERS 1
#define HAVE_SYS_TYPES_H 1
#define HAVE_SYS_STAT_H 1
#define HAVE_STDLIB_H 1
#define HAVE_STRING_H 1
#define HAVE_MEMORY_H 1
#define HAVE_STRINGS_H 1
#define HAVE_INTTYPES_H 1
#define HAVE_STDINT_H 1
#define HAVE_UNISTD_H 1
#define HAVE_DLFCN_H 1
#define LT_OBJDIR ".libs/"
#define STDC_HEADERS 1
#define HAVE_FCNTL_H 1
#define HAVE_UNISTD_H 1
#define SIZEOF_INT 4
#define SIZEOF_LONG 8
#define HAVE_UNSIGNED_LONG_LONG_INT 1
#define HAVE_LONG_LONG_INT 1
#define HAVE_STDLIB_H 1
#define HAVE_UNISTD_H 1
#define HAVE_SYS_PARAM_H 1
#define HAVE_GETPAGESIZE 1
#define HAVE_MEMCPY 1
#define HAVE_MEMMOVE 1

configure: exit 0
